968
53 11
61098 27198 2478 60488 1061 19871 70968 67042 45897 42293 56156
1949 20
29512 75188 98832 96757 24096 18968 63589 2883 99686 41367 77607 82966 5658 99572 21318 52845 71256 1416 46254 7767
2297 17
32352 74118 54343 70960 6718 42504 20451 19238 72402 34902 98491 26037 44219 61759 48161 5511 67018
3953 18
32155 64015 5704 66720 38261 78057 15550 19290 11603 28280 54495 95955 80813 8169 95826 64680 51407 88667
4705 17
71928 66365 58350 37941 19051 26982 28939 46654 15961 92431 29112 24661 9691 95102 33664 51664 27498
4871 20
42134 68337 98377 2030 18945 55914 12492 58146 79041 17652 10014 11543 920 50357 83073 72701 17164 29616 52743 66996
18 14
73308 55842 52255 52395 74997 74125 56601 80302 35169 69057 64396 98878 29586 75224
198 13
64023 19029 42091 11316 46140 36870 79943 38878 86139 37953 9872 3333 40934
650 14
68345 88226 50898 44740 68353 33694 18275 78483 61008 59551 78383 4701 26135 60100
1634 15
87092 18305 90605 48779 24468 36241 75776 69902 42058 15323 774 34392 2981 57740 5282
1760 10
5901 46805 28953 22422 49620 40929 58487 82880 14830 39132
2380 12
11550 42369 29106 75099 6118 90457 11146 12664 83028 65802 96137 37395
3938 12
38662 75092 68684 43547 59885 20791 83826 16110 37595 92820 12180 70893
111 14
78382 97759 1559 20320 61427 1692 70445 40466 55457 79430 45472 38153 8792 15253
122 10
13385 55902 89613 37843 78834 70053 12344 98090 22078 47800
1864 14
54703 52248 80808 46864 18625 35086 94551 34568 96511 43957 30623 78112 33943 22717
1023 15
55186 10828 51587 43370 97098 89160 27354 85591 99039 97587 83452 9084 94739 61112 30515
1549 11
5245 36648 25013 61854 98461 47431 39536 52239 78457 92602 52007
2006 13
42790 88446 96323 75657 36998 94498 16873 42447 3964 20664 27157 79411 96719
2346 11
38852 3616 22001 5214 62638 75265 2355 90784 90132 23022 33916
2359 15
78319 12451 20678 52615 30503 98686 9508 14067 28632 55889 60259 19053 63497 85810 83803
2610 20
25060 89240 65479 74761 7820 71113 49113 48745 4174 53356 66708 30494 61304 77032 10458 11071 1382 48043 39325 52297
2732 14
45352 12612 96872 58308 61549 98643 55683 48868 17453 30026 32601 60437 34513 16158
2863 10
99870 58684 19056 95997 72313 855 70638 30562 11046 51663
4193 12
16068 97482 29869 82470 34675 99564 51587 49397 52011 58278 8596 24403
4460 17
8319 82131 54694 69675 76084 98425 42973 12804 95798 43208 56836 25169 35789 36327 21702 51201 96436
1004 12
71234 62479 87426 40950 19231 7509 2399 70011 99535 24346 71759 77426
1161 11
6615 47289 31630 24904 45754 50715 35684 83258 57095 41509 17614
1559 13
49428 57844 13735 48838 32310 44809 51878 90715 94008 83093 21448 91615 52328
1800 12
62440 51532 37546 75484 29997 62554 97417 31341 39404 24025 88329 81760
3428 20
69864 97430 28439 39161 87468 63123 51354 71379 61709 36727 94797 44929 56796 88298 49358 612 49856 25787 53296 47401
115 10
44635 15264 99249 5443 76397 50746 60419 58775 55235 96238
479 13
65438 9176 95650 4191 95716 90023 77731 13011 15992 31568 70053 15780 98692
806 13
77280 82846 43442 59283 81762 61355 91541 43249 71891 68168 93536 25022 2074
2882 12
24478 16292 130 34255 65860 7897 54090 78934 34082 6626 83698 48828
4059 10
86716 23918 19054 62569 95569 36425 3166 88056 50230 12229
587 12
53810 43069 73207 56129 55872 80208 89899 5159 9451 14665 95174 79343
627 20
60962 92874 52170 75802 17668 18989 46427 76493 39432 38799 6016 41993 49106 47618 20137 61874 13907 60226 74570 94802
1045 20
41485 87873 49560 95978 43439 29992 44114 56316 63622 54028 90560 91949 17105 77344 21886 20566 38313 20595 39892 25087
4758 20
84347 26076 94218 47525 37923 99010 2686 63986 23928 92408 91216 41803 2051 24709 74497 54287 4552 71749 33654 61417
2143 12
98833 21501 67372 87144 15678 28330 21511 18889 79592 17145 86761 34395
3546 10
29226 55536 92353 55898 84271 46114 76616 46370 83879 46983
4330 11
96715 87042 2290 6287 60050 97836 72368 96206 52496 80442 71274
177 18
41033 56212 722 58838 56541 58466 45612 86060 79625 95196 74013 32108 24856 68856 63728 859 38787 35086
1296 11
95991 28937 9005 80466 88340 84642 88752 26826 45191 19174 95303
1351 11
89302 28930 36129 2942 21165 47154 36187 31055 59813 19843 91501
399 12
5660 83483 5704 58319 92949 16700 55849 36203 86560 44405 72616 59660
3216 11
14944 81216 66583 74598 70762 20333 9436 72361 79179 74588 21563
3612 10
16598 22854 94125 60652 74097 26970 12164 25134 15834 75570
349 20
55168 73350 92378 34171 93253 45706 17897 71808 20469 59352 64201 10212 39545 18167 99807 87536 56492 83215 49971 97265
1448 14
88725 61385 97191 91418 92889 95566 89811 88507 14370 45990 53233 52876 45379 46160
1653 18
32573 96842 29400 38343 28621 13447 37098 98634 94606 28095 94978 23427 28629 85842 53375 91818 93600 57035
2415 15
94287 4557 80257 95638 86608 53402 45738 17257 83554 46548 17962 74055 42484 36089 27490
92 10
20672 76538 33545 87154 37274 73669 42710 9131 57354 23932
794 10
19740 81411 9991 64596 26937 19564 19230 14396 74291 94453
1109 10
74628 25962 14698 65141 61713 70282 78813 29735 38329 83089
2754 18
60594 86571 65303 51675 4700 70011 64036 47424 64840 71756 69218 64367 98693 81834 65435 63882 52108 35310
3124 14
99456 88888 57835 45851 24803 31431 1683 4303 11593 42065 7441 89360 99244 79809
81 12
83633 50891 13133 46586 31915 62136 40496 36541 10508 44840 50496 84897
555 17
26049 28172 67932 13054 29340 81758 22635 11256 83947 35007 52206 79265 47424 52560 57518 29929 37310
752 17
39254 28446 94303 93744 81483 43031 16350 70551 91548 26416 72792 12133 61302 30917 18064 55619 31700
917 10
38274 60729 3449 97211 44084 59516 33126 99771 29121 85545
1427 11
86916 75006 8827 16915 87619 7576 40047 98986 56741 36020 82504
3679 17
64846 73820 39446 54193 20209 23169 15648 32628 8895 30290 77953 73279 49586 53944 43919 33897 91484
4074 20
92803 47160 99133 31062 87003 60749 15039 40629 87243 22232 71391 2184 66165 39999 75565 87114 95431 7282 95481 33235
416 17
58698 71411 34561 348 61397 10280 80870 97542 78548 84065 57140 85782 27052 96196 82929 1508 19674
1283 18
18667 96458 30634 89194 45905 34956 38825 65797 61184 78912 87663 99157 50561 9751 43971 21454 18163 29280
3730 10
77932 68549 40837 71144 53438 12766 86078 87049 69943 54628
3944 11
31687 45395 72868 64848 340 71849 24737 31866 20268 21773 39648
906 12
75208 2770 51287 46263 73612 24241 60103 44052 28069 36627 87150 11604
1195 13
34 67451 14934 16525 79555 65784 58034 60713 12925 61163 9331 81708 99673
1659 14
43695 55938 76475 35568 50300 17025 42808 75181 60276 56181 19804 66551 6279 53843
1789 12
84132 30775 69302 77289 13792 20399 88868 97752 77689 39740 20616 79708
2786 14
99560 38790 15562 27246 55427 37310 34993 88803 10714 25368 53376 7537 29626 72419
2942 15
81564 82493 19722 62440 39100 6497 69898 98932 86813 54930 73004 25245 90045 23015 5417
3091 15
29249 57247 86977 64373 24479 78266 37800 30466 33403 5660 90370 50612 33875 8607 11278
3548 11
40089 18494 49240 15037 62046 7620 43615 69461 72581 98495 85798
3794 11
67482 2033 77809 75484 64506 90603 9590 59590 73939 61049 20429
4439 18
11204 39744 65954 75100 20796 99588 30114 6785 72389 42593 54368 91600 24579 13903 10386 75771 9881 40174
462 16
73681 45164 29109 36094 11995 31505 65678 92412 96865 36722 84319 76817 82077 12322 88288 72407
661 20
44823 87312 77606 55860 25973 32402 83190 15297 46618 9112 5110 48941 86001 49350 15973 41272 66405 31489 50977 26557
1342 12
57895 63941 14075 34616 19315 86196 6330 46270 74766 88043 67961 56297
2144 12
39234 18220 37470 83373 62673 59023 65933 2623 36485 40437 7776 8888
2312 16
36522 85350 71048 94581 91794 59775 57537 96364 98469 13823 28085 81542 68329 52696 13730 49408
4138 19
57207 68663 34073 57000 6958 74424 67693 97831 45495 55497 37046 17444 45568 92204 41421 59332 16048 7028 96595
1349 19
11511 63894 22375 82237 86640 50069 44508 45850 8164 17539 75381 75694 74174 32056 94002 19353 28366 42110 56202
1642 12
60189 3529 80174 40340 33251 44640 60376 39035 27676 28992 32091 90029
2469 10
67973 1645 44522 57522 9735 87765 87022 27590 97430 60170
2652 17
9734 65834 46407 63606 22805 48851 81516 63502 65446 15734 76209 67212 91425 44178 31093 89908 65701
2939 19
60020 38351 34818 48044 21792 49061 58811 71221 86735 92297 94255 45175 20079 15294 43139 44832 83578 82135 11719
3631 12
90539 66266 22869 86143 11774 12851 67343 59251 64207 34949 30548 40965
4112 17
572 46917 68058 13957 8516 8967 30218 67144 7423 20577 95395 65305 88453 27645 49884 72854 35584
141 10
84401 37098 11061 21027 52135 1616 33554 42032 27534 61373
1229 14
11142 52749 60936 63469 50904 11794 79141 89893 90096 76472 42863 8896 79616 69387
1737 18
24216 28258 74518 7610 11483 18610 7055 10209 35667 75599 96574 63090 41108 39513 1912 75184 38352 75169
3148 15
41864 69943 23400 47631 87166 95340 87563 20102 36813 32967 48541 23660 63389 21022 71769
3245 13
12848 25424 13640 53768 23154 16918 44312 16529 59501 34803 38197 17762 92454
4589 18
35659 25544 42443 21652 65364 15019 68905 57543 37167 85547 96657 63137 96842 13094 69690 7474 16290 60847
4592 16
62166 66520 2737 94241 99838 32609 50130 128 71248 56565 67041 22756 11984 73461 7033 22769
2919 18
54171 86866 66105 36354 2194 45296 26334 43217 22673 37464 36953 92778 832 41339 81202 43173 22402 35907
2977 13
1255 2309 15505 17198 26975 5806 51874 59016 93384 55942 12353 22277 3911
2994 17
8702 1889 92873 10665 79064 50273 18592 92299 95636 63097 30713 89280 61227 43842 42543 28101 48952
3202 13
9868 62991 14449 53811 91975 22439 78302 85328 40329 34677 77943 40153 33477
1348 17
90465 19371 10838 81953 13098 6111 65834 73329 27379 53262 58518 41574 9142 90943 39422 55706 56091
2097 17
30639 59220 70408 99396 13950 72902 19472 71974 84576 12344 56512 35119 55915 95184 4479 36914 58614
2737 19
3325 43703 1780 25708 78710 3905 89450 31512 87118 77444 78758 46156 9560 35484 80130 33748 64827 13839 40330
4924 18
56151 48782 92541 44645 93078 44115 59614 59889 71417 66609 99110 21951 66797 33792 87012 13354 66749 6532
350 12
4757 8204 39345 10810 77936 28363 55647 2565 16689 34408 63551 43238
973 15
60779 92793 56535 91042 18062 6862 67173 92156 61097 94639 64268 46139 83999 34780 50798
1967 15
33135 5236 73638 43534 40905 86026 58156 40595 92869 11981 82135 8369 26335 43927 44470
2457 11
36205 36987 74588 73007 58821 24780 91283 23508 55480 77001 8334
3993 15
56292 50285 63237 92861 21837 90129 22861 47019 58199 57768 43520 89549 4313 80554 60365
2904 10
91335 19713 42921 43181 31835 27446 60058 55723 94923 54135
4645 12
29448 63969 4785 87740 14428 35526 43472 8274 95329 98861 81895 23371
220 19
79410 15813 90127 37332 27476 53737 58268 51537 92984 48577 42679 813 69313 18369 33342 16920 80199 17440 19587
526 14
16735 33981 16110 54307 29292 67485 9200 2504 33586 1491 62761 87714 69570 98157
1777 13
89216 13881 12658 93435 12267 77184 90073 65113 43822 96529 18594 45429 45486
2394 19
34607 36193 29201 9796 95029 63799 6758 40639 43263 73569 36757 12871 83514 25967 1998 96142 20575 47576 94214
2426 16
26876 6297 80268 47956 79815 51424 83455 41980 62386 29891 57164 32695 46011 15831 36818 20121
4637 19
89342 96659 36055 26142 78679 89102 50684 28299 59528 54237 63609 20123 67409 48895 58115 16353 46712 95262 72198
2504 16
70525 86931 48916 370 34013 67989 58878 53082 449 33155 56410 95592 83227 24035 22770 7223
3907 11
34950 33825 27219 45631 99279 39237 25060 42943 14146 58981 92245
3981 14
47001 29157 29189 8408 51948 21890 28564 15513 34633 24824 53195 11556 4900 16378
156 11
36043 13469 73296 65197 54977 46885 42859 1251 47307 15885 20438
322 14
37233 6746 98762 24630 47789 72500 52127 96607 22915 26229 86071 65870 11553 41345
561 17
25871 58923 96955 62468 51002 85188 8987 97761 8806 95256 53763 74585 72772 97800 99897 51720 81332
1356 20
57786 77787 15920 66975 40507 83283 1718 70779 13975 89796 56979 74453 74656 52190 7850 49706 63860 73445 98328 61543
2510 13
88952 410 58393 20151 70989 68356 51299 19813 94567 36151 39652 90510 58544
2868 17
82584 74618 13959 97707 97267 16062 14901 93229 28241 62894 77889 58064 64559 50956 13782 26426 68021
3967 15
65345 9551 5029 37267 78523 58643 78743 82439 98150 3934 45867 16002 37839 89256 81836
4709 15
2950 99818 2618 22896 23260 32335 56521 48454 17018 99015 83375 21958 95146 47659 5092
1201 20
63192 26759 16196 33482 91106 78818 28933 6471 34078 8585 4850 48464 93111 66837 58677 99899 99331 33588 84256 8851
2848 14
65442 83820 43702 50366 33192 28308 69102 77165 58578 28054 94845 98293 31963 74347
4194 13
73906 23520 21300 53815 19288 13128 40861 54420 16943 66263 77193 56177 7184
4614 13
92694 90052 44479 32798 4248 80231 38614 96201 76366 11040 59414 6797 89416
667 15
65505 49708 42870 76211 4430 84084 92353 37390 6535 6328 1529 6330 28636 85898 42355
751 18
74094 15713 59538 92605 51453 15535 18471 15151 59492 70627 41058 275 5449 94239 29854 33695 65399 91075
1617 15
47934 93865 2333 19774 91056 29324 90550 28758 3912 29606 91605 77589 26184 70432 59984
2738 10
60345 29926 90672 99070 80013 87867 11467 85669 51020 79375
2901 19
32616 25691 94766 71126 12040 32970 67673 85111 20707 88634 58807 13741 19814 6452 34002 16397 55482 55760 21422
4277 17
93834 15890 88908 87780 46843 34590 59812 76239 50526 21120 43436 41002 43504 1840 76576 5683 99806
4704 11
14343 53376 46492 88817 45187 96939 26048 79826 11965 66137 47679
4847 14
11089 28196 85766 43682 78893 43770 15764 81475 39814 49101 16173 86820 18218 2851
4892 14
27342 42322 23298 84002 62575 91660 50779 67902 67747 41906 11386 53588 99600 92278
4979 15
77280 52596 98510 17766 18678 37300 52458 9990 55331 34099 5945 82888 69293 57151 68539
2044 20
27066 73699 63471 2766 79761 71861 84863 92294 29958 63723 59429 69976 90947 7230 64546 34336 89068 39554 25945 69029
2110 14
51188 1347 39568 86964 21009 76856 26358 34012 89707 33033 61289 24868 59501 91268
4496 12
86869 54582 15628 2210 53580 92646 94856 51627 65932 61278 95947 93963
4563 15
77153 4685 9803 89260 77888 98262 23443 50753 60440 90525 57610 33076 72835 34839 13028
1668 19
97548 17657 55783 71723 40392 80410 45921 24030 36335 67446 77215 21420 54122 88494 9362 58743 44718 77181 46296
1984 10
92038 60456 12902 33105 41551 80178 32744 95766 33464 29613
2200 12
9436 65165 46567 48075 98647 20587 85916 15714 99833 71186 57766 88829
2541 18
25662 73929 79040 43459 96147 57554 12444 12038 41831 19302 54239 32094 29965 98796 23352 5197 59039 14967
3246 18
92785 41312 64095 60922 57524 65952 89760 76156 78963 85337 56250 17430 17174 16692 29981 65762 47320 87941
3342 11
96178 65979 72979 52081 9122 84123 39507 44990 4931 9498 49654
3720 17
94835 11291 32015 63846 41114 85826 73304 19264 39381 47043 35343 31747 46806 48745 60814 84943 70147
414 20
35170 134 47195 82540 58203 67594 30257 11876 57632 55000 78367 43849 3857 75477 72431 13209 98692 4391 12491 61099
693 16
39490 66704 32671 24973 52967 35676 79029 84908 77061 34392 70660 66038 38587 18233 98204 30884
1476 17
36162 80283 72019 67690 81097 57158 62389 19419 86219 71712 67602 97603 97715 75901 1961 96318 47921
1868 13
96293 57160 61130 23550 11514 68996 62025 57376 26663 31924 7898 50201 16181
2017 17
23740 17264 57327 5622 75426 3036 14595 94563 29367 74179 97604 76967 59125 8443 67785 62087 20243
4284 18
95026 4492 74488 40266 55489 99442 79590 94524 84059 72299 23103 37144 79501 33387 20698 76024 39219 91306
4386 20
81146 51559 51286 74910 8144 55589 2757 76411 20278 1441 70149 55159 58984 41057 41768 50686 25605 63486 53983 27770
4717 19
61563 28190 12998 65413 36568 43891 51880 81351 2654 56201 3319 49956 68665 61195 79767 29078 67252 26828 86264
2075 19
18433 50393 49072 4859 70852 1448 87118 38228 24782 39111 39879 41424 69430 92693 84055 86288 18122 68423 99139
3483 19
51336 87119 38455 909 94004 18848 30642 88637 11010 90279 87024 72828 91934 42098 37523 82304 69536 1098 94901
3854 19
84046 80787 34562 55034 36681 28893 23466 94929 69562 28622 23882 6534 76913 45850 20817 32246 92790 27739 2245
4154 13
35994 59035 26091 63752 50924 66068 32941 2105 51548 3619 89968 1117 816
4506 14
5368 32001 48250 93152 9268 68459 39993 88297 63107 7121 98349 38358 69560 46480
4893 12
93129 28005 37160 77511 30105 4774 45773 56984 96674 75560 29853 30989
69 13
92147 35067 52387 86023 61389 24952 5808 51531 11810 68154 65739 84681 61912
1970 11
13325 17137 60864 60718 71777 35806 22341 30317 49785 80411 92429
1996 12
34632 30382 73587 26562 33775 63868 24317 67027 15683 83088 69113 40074
3025 16
795 13068 16177 39219 10714 25569 14804 75910 78581 12837 2813 78860 33754 23992 62511 89152
3586 13
66498 71835 15365 43105 57227 44102 74127 40780 69041 69328 5869 7837 86665
3991 19
89303 74394 13418 14661 46311 20429 76039 84748 19820 60091 18276 59533 965 63001 49440 53412 90156 47613 14943
4319 12
64662 61789 92950 31577 67521 83203 49885 88250 7365 5288 24612 28815
2976 11
38303 96358 78019 92701 57087 90825 74210 91557 69552 67248 71809
3876 17
96222 41615 60734 48541 35264 80512 61376 82329 61517 30773 39365 39322 32338 8714 83254 74294 68830
4618 17
78319 62124 86718 95468 63734 12430 18713 78103 44069 56330 97876 74901 73190 49356 99623 39285 5242
1873 13
83188 81407 14302 87217 29783 91002 21409 96876 75354 92516 83314 89584 34416
2138 13
5474 43595 49068 37049 4045 59528 15015 1663 76670 20154 25805 59919 70282
2339 18
95783 69216 48621 88562 676 93801 55998 13989 65811 16402 86162 82212 98479 31604 5851 73062 84827 63521
3277 18
4816 60395 13431 32672 39549 94314 39191 18984 67204 39314 19826 23432 68496 15674 30216 18635 96648 29145
4803 15
88501 10665 93237 38697 31486 25838 88996 42472 82890 64724 4008 73946 10540 81947 54173
820 19
82097 88971 44633 9376 66360 52153 26664 97361 30251 27479 81969 20672 54419 60338 17999 44370 8452 86250 83119
1432 16
43667 71266 39239 63003 4996 696 1554 87873 39998 74840 67751 35888 84417 92158 26297 44014
3550 14
30761 67059 36462 59389 61815 25997 62814 77749 74796 48062 44797 60417 9428 38174
3999 14
48817 51204 77440 87352 98584 65489 56661 68419 97302 3733 13657 22678 34483 12382
29 18
69361 80532 50056 99675 23600 12708 69534 33336 80009 93750 77682 68449 68691 66311 97733 77350 33042 55674
1029 10
52505 79024 25966 15258 90196 55391 7468 64097 19794 2582
1515 14
3235 54137 82275 74559 25660 35100 61927 86824 36317 42788 17660 77174 81455 64359
2440 12
273 95621 17250 29022 95859 51054 32503 38466 52280 48961 36019 44569
2890 11
55383 8520 59460 53382 60955 64427 58072 58257 87869 58129 4120
3726 14
98339 60925 28561 25619 64529 19778 28990 84645 32226 55052 36631 85115 4363 64035
4278 16
25418 71572 72711 95136 54399 1017 89993 71948 86558 84134 4872 67135 20348 99700 60842 25988
4556 18
64604 37414 15115 54089 43049 32157 64985 36222 87866 972 91644 76785 57800 45034 40510 74165 56560 33926
490 12
104 44257 30696 53040 88188 60348 737 39605 10519 97000 24207 5411
829 10
87347 55346 11202 57872 84083 2020 71741 26965 64598 79013
1973 18
24433 5102 50348 28670 65534 94800 96683 55929 14394 68673 81346 37676 27527 91268 94537 28074 89391 65802
1978 13
38207 26571 76064 98454 25345 37793 65957 46371 39689 89758 98923 14277 92074
2250 15
46943 38008 52198 84817 68845 70257 19243 95542 87671 54812 87037 14779 10297 3417 3737
4084 12
22613 47224 684 80992 28011 63578 43610 41848 28414 7800 68634 37389
787 16
58404 18196 56648 68117 97031 28454 28770 93804 22951 44816 87547 14260 28862 26830 39007 65673
2881 11
80716 25536 90360 76033 20498 5967 43130 92110 13893 96993 17468
3707 17
73730 26731 816 94335 77984 69122 32128 22587 20909 57803 38976 15299 10101 766 13629 36584 59239
4535 18
25667 58582 96236 60973 23752 17603 28322 69520 57008 77091 30949 7516 59703 66425 81877 4879 28816 36600
1024 11
52032 38759 4972 32114 58408 24268 61721 82442 68426 20277 22368
1307 18
54991 72959 46815 77218 30185 75297 48817 23465 60016 37105 40496 86902 82495 33850 76167 1529 24787 52535
2252 20
28909 12246 61904 68416 14864 37181 98116 94128 45591 20491 6297 45813 43402 98399 5275 66032 17897 75086 54837 48674
2548 19
27691 57484 4499 52917 47803 33891 32195 94111 55805 13294 28728 79523 86711 32726 74100 84796 45656 86674 75343
2819 16
37738 43177 75810 73219 43189 66875 84230 37410 3543 53398 11173 84131 49564 30728 94870 70051
4101 13
39838 37650 8983 65510 2013 840 16166 65631 58277 92118 97993 20012 30611
4251 12
60970 80598 95377 41937 61616 93029 15036 80130 49793 46481 7613 16994
61 16
26401 30734 81777 91434 10448 74641 91850 17897 38128 4280 83635 78493 26630 270 99911 22628
458 17
16259 80536 30142 28797 15900 128 45076 97306 52949 56783 62355 48823 28423 31129 43977 11323 50016
1246 12
30500 25166 80211 80527 11177 51374 20097 93683 98774 4487 90353 54425
3742 19
40542 45008 10046 39609 70768 27890 34927 38617 22010 24138 98741 90056 57230 93305 38515 43408 19787 53473 12235
3868 16
35657 14853 88866 78867 79373 15235 20585 93556 8246 71860 45565 48204 36551 38492 15483 77797
1397 19
11232 92248 62582 95221 13136 18788 73566 66665 36689 29597 17529 83582 65433 50055 56640 80506 14265 1422 45733
1989 13
39893 85142 51836 64154 89037 61260 24761 53033 60870 97175 80644 79182 70849
2137 20
88626 23019 56949 44632 14704 23621 70379 36726 16397 26245 46404 64790 70737 56775 24477 93795 75016 4572 37854 75376
2244 11
67510 2579 64479 1072 81910 52907 5901 86802 13962 30155 41287
2276 15
43859 88880 22235 60061 28198 39529 49600 75298 80809 40974 16594 50057 53887 83080 59168
3919 11
4461 90734 56056 1184 66590 69802 40245 94347 89941 15819 21917
4037 15
14868 84441 90516 57868 36940 81436 10238 47427 25943 98773 79528 37484 54646 15345 56820
4631 19
9577 52408 80023 98260 40434 43970 85608 80045 489 80217 49982 15196 74390 12505 6866 63708 66446 56132 49649
1711 10
67380 15318 45685 27128 86544 87749 22263 77518 15797 81455
3229 15
74019 76434 65445 25510 43248 45081 99601 60149 10429 96380 9100 45433 35511 43290 14939
3318 13
69979 58059 61006 22250 15194 43084 1598 80271 45513 86023 76786 94732 32281
1425 11
90989 61665 55771 41816 71125 24556 82434 74273 74693 68541 44715
1679 15
96725 68538 72933 20174 57066 44342 6282 19995 25432 91367 89694 90049 28976 51344 77193
2943 20
56722 56395 89074 61497 44522 4916 14627 8051 34734 35038 38998 10040 42824 36728 90985 68857 48077 11954 68429 19155
3525 19
5122 89782 97816 53202 33222 22992 54655 28338 80204 60690 11729 99793 88124 39839 72796 4701 90138 9648 26248
983 14
22963 23431 63719 46586 21861 44155 42650 94891 33694 13684 80601 1403 8149 74032
1154 20
13341 45281 22384 21593 78403 36558 82830 38244 33249 33886 44725 76263 89411 68390 4517 94666 93107 87964 28816 10939
1345 10
88362 31986 51800 91428 52360 59885 94509 82341 23559 42322
2567 15
96368 30691 17752 72801 36475 47761 18612 63381 71812 96810 8448 15997 72348 48742 20741
2608 19
54742 99212 54180 94767 86940 49034 63594 36745 70583 17701 46504 54120 56123 34119 37863 11918 79658 80164 36770
2986 14
16598 90172 79125 94600 5536 14964 6110 42996 10776 36128 75541 18884 32452 9746
3698 11
8503 3504 24081 18098 64709 82055 68347 32312 91786 29770 32386
3877 13
51413 78695 15317 63049 99109 71269 99715 73025 49300 56436 93138 96445 10917
180 20
72660 98128 84541 75870 97815 22770 862 87213 52970 57753 3243 56086 31588 54866 71005 35394 53633 79716 65750 20863
370 17
72080 68900 4267 29325 21353 96575 32555 32684 94177 48966 63098 46210 12080 99380 60985 66522 18799
1883 18
87448 41480 67858 57105 93831 18921 93686 87919 43476 53033 55701 35036 54108 34850 46341 8527 97496 12144
2497 15
11387 65230 89009 30941 33888 2357 90565 80191 10644 41298 81091 86828 17597 66535 95546
3413 11
7166 46956 11789 14911 23259 93981 80404 44479 70750 56065 82597
3553 10
64438 34662 10148 5665 56077 85269 17902 50288 77845 18201
520 13
24213 19502 110 61116 81727 22444 63571 13982 13745 90702 30948 34091 41348
1948 16
21221 62011 51547 44912 55184 90682 87494 44627 14595 80843 85158 39560 99273 27621 47299 21302
2161 13
11177 35535 77726 33316 79403 85231 54735 42313 8541 29731 90603 60933 27813
2651 17
87639 87520 15485 51735 6709 34930 66504 90615 98402 7277 89695 69343 35995 84919 33345 40436 303
3267 18
19951 32154 54747 32751 31974 73566 16456 21116 6432 34595 74437 31347 37906 91120 74502 61801 39327 30344
3719 16
41713 37449 47367 74216 38987 81004 94938 90708 23489 26483 7953 34807 89283 98025 80832 97039
4038 13
46822 52765 49080 81515 42005 55901 75852 28298 42184 8676 53368 46611 95365
88 20
26920 28074 15842 95943 16004 9925 71517 87879 96717 8235 16584 42841 92257 30039 83567 64710 85299 2478 83687 13921
2590 20
34053 70859 5742 81087 97615 83513 45635 43951 24522 90452 59603 45069 29997 66541 42927 58315 37688 78111 54953 48875
2998 19
42006 16572 26729 12141 3616 87616 13822 31009 54540 14986 88364 95424 26160 94677 71448 59790 1070 41318 31381
4026 12
77408 94401 79079 8548 86359 25243 9852 57601 97985 398 15377 11163
918 13
67123 26806 26656 50606 86026 48558 92080 12247 76152 51025 49856 50540 3345
3852 16
40172 15380 78232 9965 48069 60599 83839 72242 58777 74830 187 38591 53683 77060 77869 30191
4626 16
43299 59185 93171 12639 47575 5799 40041 72668 41373 31619 76669 47208 61425 27547 55430 5871
79 13
15601 68010 81522 75224 95827 20294 9743 17409 34003 40712 3069 92238 5547
657 10
62073 35060 56560 28948 42847 27863 18766 39742 83887 7188
694 12
62376 50489 2487 42094 49859 56320 57748 44731 58055 95671 76704 55401
1596 15
43430 15116 75356 5745 25014 19531 76098 60540 99733 79620 29111 66979 2125 11141 30880
1682 11
4814 64179 95196 53116 21978 15285 78983 71806 3620 30759 67791
1886 14
76267 34381 24943 77196 19375 90527 18501 23337 69917 56011 99025 32430 27423 16148
2557 13
36888 41614 88147 37269 88848 64183 12946 11910 82808 36464 57927 71911 72443
3568 16
99956 66803 31134 3120 37582 40438 57089 9324 38169 20511 38570 1417 34112 88971 5430 15600
4252 19
26067 73659 6511 72729 58654 28200 48475 56397 73224 51077 73169 34069 86957 92372 41155 19213 62340 69466 87121
4395 20
84928 66605 90725 91034 82899 77725 19596 14023 93784 94303 91851 12772 69050 80554 9978 78663 97933 93942 48010 68609
868 19
47902 89428 52243 50525 55200 48775 42156 4022 98580 50252 44131 4267 19436 17941 38056 24532 20414 71352 26508
1164 14
42917 73124 62806 97734 13120 20004 73021 80553 8251 12671 72200 99321 99830 29232
3729 11
2650 25485 83971 45274 95081 52186 91787 11564 15581 92769 62809
4065 15
69244 9496 6561 18030 50234 16624 44996 69141 90021 33951 59940 99292 43537 43277 86029
4457 15
72866 48851 13166 39188 74825 90672 43625 29127 72070 29944 52833 87383 89928 89588 10762
205 18
67607 81965 35266 48013 85922 64997 5036 59987 38482 54398 8895 36301 89409 22789 15899 28752 66489 17610
1249 10
70255 10207 60004 24923 81969 14370 87288 13016 43004 76800
1504 19
10783 39026 87612 33029 12996 27272 76629 48312 25159 89495 73289 60114 5201 55493 53279 36228 95023 6788 81801
3932 14
76902 64017 35609 77422 70752 80363 50601 40438 29211 82149 2929 49927 56522 59960
4813 20
40613 92336 53605 4381 44893 61968 48889 80961 33141 46409 4925 81110 94508 80023 1619 33887 56513 80938 70504 79227
1331 17
31281 82656 12924 72349 41770 86946 38127 72124 81015 59974 53581 59676 69820 69818 25333 3541 36055
1488 13
24347 97224 5672 14619 39288 37975 94939 22695 94462 1762 80258 33891 32887
2928 17
12157 97630 63149 31414 84448 15036 50115 16309 82132 57257 16159 67282 63521 77931 83392 47749 18109
3552 16
42 46670 4127 69434 58989 12167 64890 31819 43720 39157 77022 68779 53591 15879 89918 85967
3694 14
73461 65797 23734 25839 51636 15275 35134 336 41072 6270 5169 71694 8169 18790
3837 17
9470 77605 81538 64117 62685 89564 77213 91342 27601 98230 76390 52789 64520 48163 22974 1730 25504
3963 14
85557 77271 40175 84695 86171 38634 5135 8815 2032 46136 40951 9198 14372 44899
25 13
28562 16523 79583 69060 8959 97951 26816 14449 87370 87786 60620 5898 31263
733 19
49094 74547 27665 76251 39705 92724 65928 83833 13284 79180 92955 10133 67770 66261 95415 5837 55817 80266 86454
72 19
17698 11162 4881 86298 12452 16099 89314 4102 63639 78903 60433 52737 38635 59615 91784 46450 54942 48253 91093
1044 14
32697 14907 35191 47616 60239 36160 60633 60159 46398 72992 94797 2081 51997 46663
1830 16
38070 26905 36071 5094 84167 99555 11233 23345 20012 19379 35453 67032 87850 49157 11193 36419
4613 11
64138 69642 4585 7670 61798 38373 81600 64159 12729 17347 7768
3593 16
43069 98014 63957 47659 25849 43298 28053 56321 97806 34994 54417 93767 63730 86790 4356 67321
3617 12
23200 44752 91049 28124 84356 96141 40209 74355 48872 69277 19089 65327
317 10
35908 82751 62775 91989 87192 5507 14071 75006 47106 50601
1992 13
98786 15657 27810 27647 1616 12427 59875 19527 23603 83935 39856 78260 40390
2111 14
5996 8110 6653 29311 43759 88323 6578 47961 60359 38453 10258 60105 26952 41618
4164 16
31466 83030 91515 84170 83957 13419 40738 36802 44932 5488 35906 87460 4947 4903 29670 32376
4380 17
44273 46072 5229 66833 20565 20263 21474 42963 18963 38621 82752 61185 93492 52213 43103 45042 11324
4116 14
40454 61807 41152 52495 10414 70766 30546 67788 9338 28986 36488 19149 14922 43174
1985 20
36762 21711 17474 75766 53075 85728 52897 71188 46771 79703 77460 55034 12654 72046 21684 21898 61947 44967 50199 15175
2973 18
99807 69762 48717 33642 27393 34494 18578 14362 98433 14497 75883 61101 78862 33853 37616 25017 34945 12163
3764 20
84960 85103 60792 69583 89748 69806 6181 60695 26712 4642 56429 95518 71135 33508 51167 76664 83190 6290 86064 75741
4072 14
72640 66899 20232 49199 68899 40813 45975 20136 79313 82737 27998 79547 82192 24964
1303 11
69822 86784 62938 16140 57796 68932 81156 81411 61669 38393 10712
2722 15
72772 98911 91586 91360 30535 63545 68648 63596 75932 75712 2495 89796 58239 85352 22626
4397 18
58227 62566 1045 61075 88370 10042 26663 22832 18659 47282 5263 766 78149 41856 57816 63839 27853 70596
242 17
20744 36153 19002 10942 70018 98978 17280 395 43269 10820 23468 89742 189 45438 86949 78106 48235
410 17
10196 2897 65641 2155 58919 80829 62165 86274 41174 88539 16982 51626 36890 75795 47334 78865 97393
1403 12
10231 42019 40767 74162 80403 59518 58077 60650 94238 68456 55951 8000
3134 20
48041 78031 56152 55714 34939 79014 76719 49408 24736 57609 57795 34373 35068 85767 66699 85527 76660 51206 96407 67351
3737 16
84845 49181 12565 70424 21489 85327 68991 12217 43515 88312 34756 59688 43158 59149 21407 47737
3865 12
22710 73034 38846 90434 44454 15987 59457 21619 56899 56930 92300 96823
4083 12
71983 1959 50999 52309 67135 43990 23437 17715 16089 3262 20469 92141
4669 17
47499 10928 97651 46370 20140 80104 7570 33474 16777 97200 53493 50155 92949 32340 38851 51957 70364
381 16
41769 40665 7 3837 8747 83622 23543 86835 78218 26995 75098 97925 64923 13349 2754 17315
585 15
10728 22158 28778 47000 95338 68035 72114 62068 75655 78187 7897 40085 58239 98225 90553
672 10
88872 97881 19788 77869 64764 14983 28266 1186 75845 26742
1110 14
82667 63840 17878 46345 79109 81924 52822 79216 31146 94775 46752 13971 76657 11124
1241 19
7283 29536 32832 64170 6017 35438 38480 22364 67054 90313 25953 86125 31753 58465 34500 30381 47856 99029 33262
1361 18
24193 67742 23315 13303 36320 93481 37985 82665 2574 66725 49862 77140 65315 245 36891 98455 23169 8013
3369 11
36496 1077 49076 15038 50739 19956 38612 61874 64757 44346 17204
2119 16
59456 95209 47154 23288 10162 45675 84550 27592 39745 88212 4940 34485 12283 40627 93238 76818
2131 19
4950 49793 57250 58267 70660 83882 32293 35568 5323 63610 60033 40821 96149 99241 98680 28303 96117 39127 30118
3164 12
49782 31190 32687 72596 97316 67484 31033 69313 61670 7633 77109 66562
124 20
90452 72008 15639 50535 27245 24050 22781 61355 85089 14060 15396 14797 95809 42217 59965 24621 1761 73992 19998 98554
314 15
22302 50012 44995 59963 84531 64334 63165 1523 10109 88138 60167 93867 64337 70539 92456
832 19
75680 53142 86392 3870 76482 12923 85275 29059 26078 54441 1489 98497 17213 4567 44419 42719 29746 89198 4118
2783 18
14714 7560 95945 38236 42792 441 63986 86454 76368 71281 50528 59093 52842 17055 93047 23568 85089 56288
2900 12
42158 47321 28661 314 15207 63775 5624 51805 64218 71673 21725 8159
3247 12
22884 66506 30501 18090 93744 94655 65871 81926 32734 93240 7233 90099
3463 13
4164 27267 61060 31695 56875 49433 24529 26861 46708 30102 50767 21757 93133
1960 10
63258 67313 15752 13869 79988 35270 90691 30379 64186 71320
4055 10
72834 89428 54818 46505 37116 22090 20119 24286 87860 62326
4170 18
1918 9654 24690 62841 52006 21707 61321 8546 84045 80354 3723 39584 78045 62164 13380 56800 83717 22287
4451 15
44298 86801 24661 90999 18960 76468 79238 82748 73767 27989 90828 9740 68683 73365 35019
165 19
81958 70232 56855 78531 77356 91426 88798 78600 29967 76135 82111 77458 28355 37089 57068 71402 33518 51720 6338
1939 11
30426 5946 56298 75122 68505 7946 87958 28572 18390 83143 23542
3767 12
1089 81517 85214 48637 78158 93034 30125 63332 34176 88197 40631 32577
703 17
36614 97238 45427 73064 86055 75982 66951 49338 73048 56745 10282 89033 49317 23091 79756 70286 39014
1878 12
33312 95668 44655 18070 28574 11468 48646 84076 55740 54475 98695 39007
1927 15
57500 91736 25473 45031 23592 33481 86437 32340 23729 27236 77772 73243 37925 40567 3347
2086 10
10082 71240 22534 21483 77395 69080 50175 10909 8855 64126
2830 20
81508 74125 52506 2023 24754 43765 65030 69904 50999 11521 17347 2816 93477 3571 73779 27169 85802 22923 66058 62515
3324 13
63905 77126 98469 63487 49851 6316 23321 16067 27589 56075 65658 80630 29258
3799 12
46694 61032 11880 51969 19530 88472 10226 58789 80779 39530 15463 15914
2414 11
97573 72821 61711 7645 8296 80871 3831 67102 17574 44723 85993
4684 10
57563 85546 63262 14547 58392 46343 41616 82189 25207 75207
4977 18
11548 36862 65947 67010 63297 67647 28157 16293 49185 50638 76211 37896 29970 90518 11224 25892 24860 28301
3027 11
527 94987 55443 36246 30048 7709 26116 93498 686 62107 72139
4177 16
96601 53773 46104 46241 83485 62027 6626 9436 4981 55037 7074 7999 76985 7032 29695 92357
4819 11
99325 90984 31965 26213 557 60731 60756 63796 81331 84548 75208
1137 15
53183 94733 49964 73122 38498 15617 75813 181 41013 89486 49198 86110 52467 23843 32799
2257 11
53545 92596 49709 26567 35380 97877 83071 8041 44184 24086 37279
2535 16
31798 30238 214 91013 89687 69875 70731 82376 91069 11668 6673 74586 13128 84923 42348 71440
3094 11
10417 26457 4876 19811 94442 70804 91141 96483 62188 72753 41836
3874 14
78658 7225 59962 1910 47125 87298 59828 97819 97508 51644 99161 95847 92240 9095
4215 17
89433 21730 64071 80542 71012 25445 67456 46303 18783 99574 97864 72899 9327 4969 2736 23126 12790
34 15
27800 37051 58167 95869 97750 6351 83619 22903 94768 78776 54026 89682 66243 88521 34868
335 12
96982 14122 94501 51965 80480 76675 93125 67888 37203 47002 29236 37895
3472 12
59977 1105 3501 95870 15701 587 54738 28175 35120 99557 92424 98875
4473 20
50710 91984 4317 43064 26005 51623 6122 81713 53865 42415 18569 23389 71325 50259 80782 73746 62394 77021 49167 95684
4518 13
36700 62287 86071 72114 678 58567 81118 11641 18902 835 2404 20916 13817
3470 15
78132 23632 33836 46955 77800 44068 20222 83206 41087 88324 56067 73037 98740 72116 20558
4364 15
61301 34699 36672 21995 70129 34216 83347 94136 48440 24242 95358 30905 7404 33386 15208
599 19
12746 87674 11155 89722 86730 70241 84613 25834 23800 77874 87928 65840 2772 91700 78333 95277 77534 56373 20019
897 16
43187 13632 30177 35768 89915 85252 31964 6362 19537 92813 64407 3370 71146 62212 44446 90241
1478 20
16541 29280 81910 40915 94114 94760 88154 59763 16091 11030 29736 44076 95287 70272 31959 21990 99281 3165 56764 89956
1899 17
38591 57857 25893 1716 3380 58204 60303 18414 42150 62989 9339 23284 93748 32672 54589 20237 27669
2916 14
83837 1962 16259 89411 2499 92953 23779 8972 51149 14347 19659 87781 29865 63276
3507 10
1983 39656 38983 55491 45935 49256 90321 28944 78255 12840
3597 20
44464 59146 40462 90138 15572 37962 55285 73670 12667 43268 82493 26650 30212 76133 11413 84345 10118 95110 90342 43181
1557 17
23157 3194 24504 5543 79620 13668 657 60485 11168 8127 2858 69284 23294 5566 64895 49134 85028
1723 15
73071 70344 12887 33745 60342 34302 78751 78358 8285 40419 93635 95946 74243 87936 33651
2329 12
26570 29778 15360 22363 61537 66853 32615 63990 39794 19110 41841 40712
3632 13
42140 94062 46997 91017 55839 34962 64088 87037 31648 60329 23357 73286 56974
3771 15
88728 61793 84474 91814 36790 25515 68262 50067 29084 76040 17287 52795 890 82940 37818
3871 16
38562 2283 52692 93465 60672 68647 67022 29774 93037 86380 6198 34264 67314 36057 83757 98821
4086 10
78895 9796 14904 90228 46771 4242 77228 30170 66900 35575
336 13
20031 33376 95097 69547 14879 68306 35413 4018 4456 78480 45101 72530 708
984 18
99627 67207 3243 10131 98443 62866 38364 26821 43392 5364 73305 20155 78657 43599 55512 3149 29093 64584
2595 20
6211 32210 37988 56102 53077 20237 43589 65394 85163 4574 7402 74434 24051 14294 89403 99774 58789 21527 68600 47277
3423 15
39192 25385 75475 58117 27132 88752 26412 33003 39312 84195 4815 82192 48157 76678 62122
3792 13
47166 52065 66718 32753 92435 9826 75482 8578 98249 52854 82939 1767 1063
4402 11
4185 77337 92752 59661 12941 56187 28026 94612 47813 15847 31459
1743 20
24247 80002 24269 11480 20821 87627 76602 29366 23621 12591 94296 50948 34912 89597 65475 68503 12481 9692 23004 50750
2565 14
13699 1581 90677 60170 67723 92265 60023 98444 98761 31243 1357 45078 53394 77450
2991 20
38343 80187 44075 465 60312 11897 37044 35481 36568 37961 85266 90602 11800 3424 71546 18985 69656 5604 82300 16259
3211 19
57344 2888 71341 93215 42423 75480 17693 74216 51082 33432 45273 60062 87303 890 8863 21718 80958 61302 23753
3347 16
73956 39798 56624 46296 24924 67037 63417 79488 88907 86885 63909 73455 58386 18047 27081 42963
248 17
42868 71460 99836 45880 33656 42673 41711 10590 4364 7283 21590 41047 14983 31765 84520 63932 9102
417 20
47041 60189 35858 93582 95889 53611 24763 15324 96586 54617 42052 6910 23860 1989 67351 99685 66048 94957 10368 275
2520 14
81415 58484 4711 78694 28933 85757 54251 12702 18188 75242 95271 17323 58768 64602
4919 12
82160 89104 19554 24316 76319 74860 98753 6006 92830 60469 30015 97559
613 17
58866 35584 45699 6207 27843 30748 29089 53323 62608 64411 66286 3318 23127 58267 98922 58538 1648
2837 13
50798 50938 99704 70238 91512 57761 42141 60348 43769 94003 67662 35309 93926
3766 11
89793 41609 72504 22781 23121 52837 98159 97610 53710 24788 96098
3883 15
24416 33589 45299 73083 51928 48709 42944 44369 60726 73176 52270 22713 81808 97903 99574
3947 12
12650 55870 50385 70178 92530 40480 97418 21316 29341 6863 18930 46971
257 12
10011 46943 23752 88115 40565 30468 43841 35009 50651 47090 48541 7848
310 15
56999 2192 9345 75665 99948 83307 91758 47216 18449 17185 27463 58340 22665 53010 14930
319 16
12761 108 3195 44632 9703 56712 1286 13491 71080 29987 30045 75106 65450 55351 2162 61579
521 16
35549 98259 4233 85149 7326 11261 57801 80393 84559 53166 88648 2254 61408 76673 82837 2059
963 14
30255 83507 75948 1039 37402 98800 28885 82597 91036 52089 72532 83252 6568 80121
3998 13
91337 88054 89508 94628 4051 53876 71934 19932 97779 30958 57688 50288 64979
4660 16
6364 39466 26081 49130 68486 50666 49197 82664 75421 72867 10404 8268 18015 62952 34629 53046
969 15
11375 16352 7644 90538 3560 29407 4938 77890 94144 38137 36205 24281 51351 6800 64681
1133 20
67618 24559 35861 6023 48670 50898 23940 20708 80544 84375 87020 41188 22869 28103 20269 23045 4635 89093 41625 21741
1415 12
67311 60818 12331 89423 36581 59570 83073 77295 11057 18746 86353 35560
1420 19
88102 26410 11526 27803 24206 46426 76512 84686 24401 39276 20791 82035 74425 28783 1597 72371 18028 89894 80524
1464 11
32197 70201 10968 6964 33607 90673 23162 31005 61212 32384 40376
2552 11
56745 52282 6884 33606 8695 85285 58300 93487 682 8988 53016
4951 20
47056 28703 60464 96872 94786 83976 81802 58531 99435 17051 17168 4648 9077 60946 68640 97325 80866 84586 54317 79988
814 20
41032 97902 93376 54707 23036 50581 5977 36942 55991 94732 52641 75362 17022 49076 74620 63855 46466 84488 93737 84848
1002 17
64128 19564 75761 80553 53213 61038 9968 29363 43863 28160 38792 27661 51557 38278 45978 79194 49726
2115 20
40196 54155 99970 62652 70698 3811 72783 52372 67550 50089 631 28285 56731 56546 30329 99988 57393 44940 36470 82299
2990 13
91357 96168 92293 91454 55196 19416 86907 29099 59140 1694 18740 66032 21894
4986 16
44980 52927 22541 63605 40099 3255 40128 36753 6363 66917 1414 54419 20097 82988 99737 25224
83 15
13463 68141 80483 73003 43912 96069 20825 65409 85294 72666 41578 17989 28287 83179 31628
354 14
875 27463 96198 30651 24559 43612 12881 7916 25768 17591 91603 40715 36524 31721
783 19
18165 50900 32306 49971 63943 2958 41389 67862 593 99706 92020 99401 68715 55062 42106 85759 14838 80409 89896
811 19
94207 60123 68738 50881 11148 66814 25691 7006 36628 43056 32257 84120 18871 33777 13093 87847 19254 58470 87977
1940 11
83694 8102 23551 71444 60753 9662 37971 90017 18210 1935 17064
3186 18
5550 15814 60091 64921 63734 13938 11697 31037 68807 12170 96963 25812 9898 33520 37262 12675 4252 15050
4374 19
32556 7662 91289 36125 86257 46345 77843 83665 84396 5748 65200 76539 23023 35776 2140 82383 14610 21304 8107
360 10
19893 18869 31367 80851 9390 51762 80824 26241 30215 77074
2203 12
14411 66772 70622 49582 71567 65073 36938 79583 42602 60445 68082 2832
3289 15
50625 49749 93301 88478 36689 76704 37342 59597 6747 93236 10448 46612 26706 52384 72724
3667 10
88836 41337 18478 80618 84363 62143 69139 31002 13608 67393
4381 20
54841 81256 47841 18215 3505 58217 4894 24950 21975 31979 38524 75947 1852 1734 40460 50195 38669 46161 49126 89736
1807 20
49334 55560 89163 90073 88360 88738 74681 39933 77216 99187 63275 97929 7847 8010 93474 86753 94259 60598 92886 48294
2537 13
64285 51082 83929 93270 29581 27730 95777 84262 67715 91004 46571 41602 16092
2721 10
6677 58561 51831 20963 34744 85313 91923 76938 7218 62891
3529 10
65857 71227 75927 1810 36293 25057 31928 92291 3068 80431
3626 18
83171 36207 64512 18769 43673 48568 60051 44095 97070 71046 93048 88247 12872 93140 71871 51156 35013 47103
3862 10
71775 92766 17058 68792 13943 74736 16396 49033 44330 15225
4011 16
17556 62780 91367 93247 84344 25444 56544 91863 19886 45199 64750 71497 27377 27333 95834 37512
4231 18
22830 96225 68464 33514 48429 7049 6070 93013 21764 83453 37715 52359 24035 81509 28 90565 26108 17548
4750 20
12153 88763 58125 42356 96351 54443 59189 83605 89323 65542 33987 68822 71773 36626 37091 27589 37214 20032 5762 38488
515 10
86261 88571 14908 50076 14317 6102 54890 50616 73933 89148
673 19
59134 58881 65306 96349 17215 73053 29444 72520 50079 92933 44256 93437 97092 37068 4694 42583 74144 46508 20178
1489 10
10960 16618 18780 89091 96446 40236 6539 84676 68669 98757
2126 19
37437 79908 14772 46775 91307 24695 33272 75921 39045 80042 16653 2994 39158 5152 15433 92653 83515 18221 6266
2354 18
18980 84102 94728 95568 64925 85588 36553 40503 83836 48364 88758 10055 17389 44082 34592 43350 13855 98489
2778 16
66600 11107 92159 64301 5981 7237 95289 53630 10732 6688 12271 5212 95839 75312 61039 13424
3192 12
2209 36237 96441 87211 93968 37464 18494 80379 30196 76950 48592 97915
3678 17
21110 29646 82683 74726 63738 53732 62688 7032 59509 47403 10529 76329 89351 78677 85429 79816 61464
3809 14
74886 1735 18727 36488 57952 63510 51822 59913 53060 42530 76234 62002 86093 50129
2876 12
29366 42288 92305 93202 14557 76590 21898 11362 53580 28551 69894 72468
407 13
24876 80675 18420 43265 63462 89988 71500 97045 85883 6225 75547 586 67822
1316 18
31724 2024 40854 9602 53426 27652 8399 39821 42573 88579 91966 54062 11195 47191 76036 16199 67807 16101
2687 12
10290 75463 26687 33440 18487 4658 74329 55575 30789 22525 53638 73845
337 14
60537 92029 12478 60311 44595 36601 92183 21105 2378 42781 90248 54872 22544 14332
625 14
33117 36083 19051 45573 69751 40621 30496 67329 43832 19915 6725 14438 83509 47274
3218 14
86848 55521 1010 59691 95143 52401 84101 5162 65795 46846 23405 23072 37840 97500
4430 20
37464 11400 62452 52219 58755 81339 1557 80658 44228 92534 36836 73238 68883 80369 3216 14462 12679 55012 37523 93730
2269 20
68373 24443 60244 54550 96225 54049 27432 16400 83406 96431 77141 48995 79711 21349 13151 77337 25367 7341 37632 36013
2664 19
47589 84514 80596 73448 30059 54995 57718 52093 96111 91693 57976 65434 39531 70202 73485 47150 31295 69525 60287
3307 19
3028 19159 44376 24629 29291 60928 91693 80457 40813 74641 24765 62701 53292 43229 61555 95164 25869 68951 23112
3420 11
37876 51528 67460 55407 64815 3386 11895 92850 56510 52101 57729
4398 16
92429 59630 79383 6175 1839 91995 58223 75088 65777 59341 72267 81038 29918 37258 68863 29501
924 10
27088 59119 70719 68117 2345 30692 32869 9573 63681 2009
2286 10
77774 44449 51610 67637 34977 28324 90105 97300 16365 36406
3167 12
53198 16768 62826 50490 12102 54201 24472 46728 38722 65740 45937 87752
4713 20
20958 79089 4500 6256 70362 20393 42024 86903 76521 55232 2430 72070 15233 344 18798 47016 15110 97498 7840 16018
4001 16
89416 8528 90042 31140 21650 77141 97667 79390 81051 65591 45852 29890 19280 13030 13888 51954
4148 14
55818 42985 41458 39748 15851 13890 57102 40062 83557 55540 20686 67569 29142 43422
293 16
66807 35161 1378 23028 98159 32085 21757 87656 89089 88008 30919 74344 52805 46410 15322 19233
339 18
69372 27942 88088 77635 43697 86688 42160 79228 55575 37593 46187 34201 72357 36061 13498 52082 19998 17915
1693 11
72509 26151 16215 87726 70070 55806 87171 27902 36505 70386 50156
2268 18
46809 37530 82754 38861 16134 53492 45035 86866 7877 49584 17071 46685 35862 99746 30371 18519 78188 16826
2655 20
80016 64957 18033 46808 83632 79903 81355 16138 33581 55319 90550 84924 68865 5767 69053 57456 78284 20397 29910 89725
3955 16
87897 63838 48803 20670 6022 77965 13169 48400 38251 96437 62354 21941 88248 9607 21980 76480
4434 12
90926 54041 76501 50089 95613 66710 14462 22448 52445 61601 90285 26596
1453 20
15385 1339 17714 49749 22832 28208 24651 54983 70749 12015 39332 51412 56190 25123 61255 74243 59341 68226 66733 38811
1520 11
34953 63132 34585 15181 42209 70041 32689 59509 24175 333 25451
1584 17
20516 87744 35610 67789 55911 11055 21771 41634 95584 39082 91937 75917 80641 92745 51502 30631 13976
3915 14
45917 98284 27006 98747 72951 30953 67403 83261 63550 59016 74855 74117 60639 55918
4677 15
89654 43563 72469 71682 96475 28087 13292 12029 5862 53479 60333 98754 21688 86628 44563
498 15
4651 64733 75135 38688 95302 85390 90223 11241 80075 77897 55274 74383 72849 84687 14276
1521 10
25408 16704 33311 91929 67054 26915 34218 22701 73574 13049
2235 19
75038 47269 31664 81026 4980 91372 34107 39343 95174 60651 19971 65586 91502 71171 56327 24426 90978 94805 18597
3684 13
36274 75138 66179 65974 81144 64184 13979 73767 50494 3879 38487 15994 52341
4058 13
55020 46516 56871 29557 62267 53443 27207 17426 7826 46267 50042 84900 7336
4463 18
83013 93378 25685 28195 47407 87340 7858 53413 32644 39388 25398 45282 90453 49953 829 47964 33779 79233
4899 16
92872 85295 80821 41152 65691 9500 62154 74215 48682 76791 84137 27080 29330 24682 73846 86865
5 16
31929 32713 47081 83777 14459 30091 69906 62891 34776 86009 98759 70553 90613 48874 41431 85820
2240 10
94801 59757 26416 32689 4273 38090 18272 18780 49021 82465
1638 10
89528 68545 5091 97787 5087 10482 71993 52448 3724 84949
2923 15
51640 19756 20732 9779 64384 9340 87323 89943 3340 49587 87908 54171 84721 17764 78873
3050 15
17096 31709 50044 89911 57053 69020 41617 80440 63291 20139 14042 55851 77035 7507 20053
3243 16
91479 20909 88483 90145 23264 85091 95605 36187 85995 86477 22446 30365 36767 81520 87999 22565
4975 19
15294 4055 9209 32445 31058 480 59131 31660 67501 82202 44093 27153 34111 46795 95820 50453 8832 17712 77534
1226 14
64032 96907 233 95939 46361 62617 44968 75758 22973 77342 8998 94276 86281 44775
1923 14
9757 40123 85162 23612 51298 2883 71859 26537 33125 45187 58861 98448 99277 778
2671 12
37061 14228 44181 20662 80477 50145 15463 8859 90416 82516 14101 35286
3622 20
12239 76681 75569 24612 66237 89331 80674 44900 17060 95080 57909 4741 11707 1945 73330 17987 90636 22725 42567 84960
4009 17
11151 50902 46566 88274 12036 68550 23720 12842 22849 94004 10299 48518 27711 19945 6223 470 81097
4606 11
20684 93551 34227 24020 40242 57936 45877 59143 93740 44605 78370
107 14
48205 79550 82899 52031 18315 11806 11429 92509 13672 33607 50847 321 2626 61850
1548 10
7862 40589 3475 92675 97692 75022 61821 55851 60640 934
1824 17
81351 22845 72932 93300 24816 30186 29019 8572 65226 18005 46666 80885 33502 59120 15316 63962 60722
2657 19
83921 68893 20372 42175 69036 32792 36709 29608 86153 70935 66936 86839 12476 47663 60851 14268 46433 67057 24266
2824 13
46614 52131 7772 55607 97295 55254 14508 91273 97960 10632 72587 59793 87607
4213 16
9895 20152 29636 77531 84254 46208 47974 79678 94145 26825 28342 94775 66911 16057 24738 30834
1048 17
73942 48944 35936 2777 46095 40363 9323 36777 98940 93924 26530 51088 42369 94677 2719 80509 87605
1813 16
15149 21712 55178 71192 58637 31624 92945 86728 8506 86714 32864 68464 94960 72561 97048 41353
2908 11
82047 56549 84953 9530 41295 20969 46658 59140 56188 34005 50659
4509 11
244 5678 83217 71811 50580 6341 73001 1256 50063 88147 95328
438 19
35054 11330 99274 15813 83889 80223 89610 79345 42082 32649 35391 69232 60434 38629 66175 63712 66969 27092 26861
3034 20
41881 31629 91869 28057 64825 97841 1035 70245 67044 69266 88522 47277 25349 50059 65198 64024 45572 18416 86482 44302
429 18
90776 12563 69309 74800 52052 7651 46763 74594 94069 97297 34658 98693 9338 22388 50240 65576 4563 16011
1676 15
71950 14419 84112 18676 48718 97222 47734 30131 54584 26087 80095 63290 64768 76968 99340
2019 12
65795 19712 45876 41804 19719 58036 62269 93659 57464 62081 52019 71834
2049 17
49714 13521 8094 58646 22890 13156 60204 8782 35266 98753 79668 8173 20983 75571 3273 32306 9086
3290 18
84907 82662 9508 76 3676 17413 90740 33484 28385 14447 18661 93512 79759 91742 43961 10959 23482 81172
3954 19
26948 73802 65492 34879 82309 73483 29964 90743 72792 5135 94482 43546 89107 41916 41484 19488 53931 60846 65040
835 10
91543 17674 41540 37860 47344 80918 52667 50444 48122 1114
993 19
76936 3923 65658 1939 83276 62743 73163 5913 98506 81791 73605 93522 15551 82869 96099 98571 37640 61584 2896
1234 13
41240 37480 63663 52546 51252 18424 75509 26014 64852 63135 17433 92287 90492
1618 20
37148 59773 27330 59552 52505 30245 87687 2216 19733 36 81907 16210 41190 89628 39408 34808 30016 97250 43601 98289
1752 20
3907 14089 63175 83265 78980 226 6294 50923 34219 66285 14251 56345 3970 67044 40002 30714 32922 88425 97137 70743
1844 17
6335 20577 98585 82730 3226 69508 67733 47525 32769 28593 22883 95886 54363 67700 92028 19179 84941
3201 11
54824 51060 62462 99450 30259 86729 69498 54403 14868 89925 8566
3394 13
81118 10938 95135 41598 98924 54203 39436 58482 93786 2863 64967 15939 10310
3564 16
82267 5687 61102 50257 67647 62024 85539 45590 90183 59508 73121 22124 83454 77305 92079 1094
1041 13
93566 57473 73870 39044 23470 76267 94426 14469 18919 76719 54408 80354 10289
2331 12
86018 79548 35191 67429 95845 82730 99841 7728 47495 77431 99421 78051
3774 19
99852 87531 64044 18594 31987 16820 12810 74696 74135 39444 9862 78004 4848 35652 64308 62564 28910 50395 45267
3129 12
12663 90576 17512 80444 82080 89159 30920 1713 43185 18267 97328 48444
4131 13
90919 98570 45653 27471 24381 41250 99152 45591 70893 4836 75013 30117 22028
1014 17
19587 67950 76791 62913 77146 65429 41197 74634 21950 37599 33578 30283 46274 27325 55274 7927 74625
2162 18
34879 63614 49668 84861 31401 35593 54504 54155 93034 42376 17961 33165 31645 44531 66269 81610 54449 81932
2021 19
23418 59167 74288 34561 78156 64069 81421 71534 51017 37960 1843 37252 32198 71286 27794 35269 78468 12950 50373
1952 14
63474 90973 61733 12985 71355 43701 33240 31511 91043 57365 41925 96773 80224 42604
2984 18
65932 36968 99933 2953 63935 74210 911 71432 71546 1455 77802 20223 59464 17016 15268 37544 98914 52854
645 13
3243 98599 6448 19778 34872 29121 35601 26267 41048 55001 18510 47155 84181
907 10
36274 65743 41567 38694 45218 22820 47831 94303 74734 65891
2293 14
66863 56425 92725 88376 8227 73439 34447 89524 61567 9744 45466 43317 61028 98604
2776 15
59690 93717 85673 50711 18378 39135 29441 20680 12399 21246 12978 6571 51496 78989 45737
3412 12
69278 17186 18833 42162 57935 19567 62816 78420 5991 2961 64487 35233
4749 17
61905 38677 44007 16155 39743 21535 75299 13811 77302 1428 81797 3103 24773 82221 26268 56596 57605
2350 12
44605 19798 60978 36697 36280 73379 70 31049 92186 79745 20453 18392
383 15
67988 91316 94394 88866 92070 54707 32051 69734 4887 20909 928 82241 23838 94186 4838
637 17
55018 76310 69260 63248 47643 31175 85689 76965 33750 62392 53337 57881 27172 40066 81280 86656 36630
678 12
68211 85487 17194 47386 94664 8939 33440 84236 36725 31520 14878 47622
1742 14
94946 56059 58461 80433 41731 55744 84870 17314 94839 14368 49286 57061 33803 31796
2585 16
17454 2636 6193 33351 6786 89694 67056 11139 9928 98609 1673 18339 66719 26261 34582 13156
3101 13
99413 72667 9716 77971 27359 52834 88803 34435 67866 6878 60810 24305 24957
3607 14
26689 56818 91775 83853 35202 27064 33124 53176 57568 76851 44785 3480 29078 71238
4609 10
98779 31435 14716 4505 27165 45675 23197 64112 88403 18618
142 10
72905 23765 70926 29870 52504 44876 41397 69776 27708 25320
682 16
57490 47847 33000 6927 68424 90207 75338 45690 97980 3557 67458 84194 44613 88473 93357 32681
1550 17
55633 33528 76247 32205 27391 3571 53781 40400 94711 46278 95024 96794 38858 68279 9830 39689 18735
2427 10
93108 2173 88118 20810 20418 28599 42610 90369 69666 43798
2508 13
25993 92510 73503 65240 88179 48357 90784 11189 92124 63695 1316 89656 41036
3467 11
28997 89685 78552 56363 36992 8128 4713 35798 7214 90590 48225
3818 19
40684 77664 79850 85029 21513 55017 68854 84791 825 98521 63719 96670 88240 37897 82884 24980 75954 36133 30574
4367 16
87161 65627 16329 8973 21917 92503 27337 83811 62775 44992 72896 83027 17410 55056 17724 69318
4582 16
25238 88897 60147 34486 67075 93482 79193 98085 28841 29228 78386 23834 82478 36441 86592 52467
4891 19
4167 68083 42432 28857 28246 45691 4689 49811 38593 99788 23732 55497 28267 74078 35489 95816 81515 23737 4718
296 18
18353 68972 34006 70315 44461 34131 32470 95246 20885 80421 7083 13780 5286 9523 62489 53679 13112 18247
301 11
27535 12478 51829 97823 43797 32502 61545 97084 59599 79443 80619
1181 11
5320 28899 74718 12567 4193 28042 78261 92124 29214 27377 83554
1922 16
47480 28272 46302 78341 93974 33006 13471 61330 66594 65637 56722 26616 10999 12422 72825 83563
2265 15
26519 61153 79060 88338 91725 40925 67068 19445 2187 70665 79075 21588 81633 84763 46964
2366 15
49331 39807 31925 15075 93864 65455 1659 1973 51078 78503 49368 90125 77114 60684 6938
2798 19
28463 13972 3363 58337 5547 2298 39151 24639 46101 55073 36023 25320 90997 7485 74714 51701 96876 62930 79291
3623 13
2417 10805 18974 13622 23510 51326 75668 50416 53344 74106 54320 89642 56935
3842 10
12400 74548 77934 27533 10751 56888 78320 17500 59453 8859
1507 15
70437 96383 958 45804 44935 90475 30098 84089 21198 14531 9953 63316 62551 23003 54791
2224 17
51945 41920 43924 12718 54079 99336 21346 58266 8599 84004 56122 63440 50268 995 90958 50479 21783
3892 18
86775 42265 62900 71082 32622 87941 92764 99035 36386 12462 67317 80893 94948 20053 98800 53692 730 22403
908 17
4979 95934 46361 91148 53434 58626 14943 20747 79850 69632 10315 40632 95210 70282 30744 6822 18170
1731 19
58646 2408 76857 68097 84056 6756 26296 40693 9773 4499 44982 88863 62603 45653 95703 19645 49365 26239 43551
3212 18
88836 85403 88095 26592 44512 17078 29924 703 84954 3318 55051 98398 36599 15474 17702 4550 75898 9199
2079 20
18985 49369 60294 96654 87837 87813 81842 9323 65350 10174 47464 72866 22275 24382 13037 3333 87657 58472 49627 82091
3254 18
39232 73371 31863 36659 7625 42335 2431 83955 57953 91770 67333 31018 34267 73943 31947 9197 16018 37406
3459 20
87562 8575 75515 71217 12206 77920 53358 55157 28136 17120 24874 10876 57400 33307 65964 25755 97886 87515 22522 1678
4014 10
20704 36549 45552 18497 96015 62085 51144 55607 39304 89780
4068 14
73470 24237 79609 25918 64187 57186 72005 46190 53856 48269 75385 93308 19220 53021
2109 19
9177 42324 31327 82880 84424 53156 12460 53017 60640 81350 19152 39183 64071 43212 35173 69361 59548 32541 16081
2151 15
43102 66458 42867 61360 67340 57231 81858 94655 12005 32336 21836 27306 89199 90935 18408
3065 15
36925 57986 57679 13897 46943 61023 78668 57157 88681 9538 67243 54699 72236 27791 18806
3074 20
92498 21746 1016 63173 45069 37009 61127 75486 24574 15175 32454 40967 72959 28384 26264 81360 88267 82820 88537 61306
4100 12
73240 18176 29972 51164 44205 61020 74854 80240 18669 68742 87147 35103
579 10
12219 42065 62224 45252 49017 66917 75165 40520 67171 71023
1269 13
43551 83339 65460 16327 42034 31493 83487 7718 65737 84144 21019 88351 69219
1846 14
33501 45443 96310 1576 68503 88545 48915 71831 18047 96807 59613 90456 76664 46687
2714 15
88095 88007 18199 60652 16027 243 52974 77069 30171 26672 61915 1865 20559 38324 4870
4351 17
46112 79471 63437 46872 29015 55224 87581 12710 39778 91438 74284 62473 69918 16849 11978 19361 38794
470 20
34263 84614 71140 60568 72655 34110 75916 83487 84652 65050 7128 85789 58852 30681 54586 84978 50532 61793 72346 42465
486 20
32434 31791 70433 28477 78122 77753 92872 16438 97830 35600 30785 74082 62384 92546 57487 21153 17824 1886 4790 80033
1028 10
88525 46773 4225 60552 6622 48004 92049 98360 77170 44539
1516 20
7187 54631 86602 35392 6026 65931 28928 25096 26779 68551 88346 96431 89052 74133 38377 99725 21851 75545 25771 93938
2317 15
66434 10806 20878 38890 61382 87402 85883 41224 60074 32673 15438 65696 75328 70890 82056
3399 16
31740 19469 76703 35323 48438 28034 74295 35814 10465 82928 22569 64165 40973 61191 36676 37944
3418 15
8222 37794 19757 67750 28143 4314 92780 96870 78891 39322 98243 21134 48325 12207 65342
4383 18
49762 93416 79012 92898 81907 11447 88191 14272 64548 56820 3660 6329 21265 12670 37770 15791 40441 51153
4661 14
10589 17597 3276 13396 21867 24216 84872 429 81821 72713 81257 42756 51616 97597
4742 18
87984 13207 8825 96223 22189 79458 40125 80334 56443 10573 93082 1743 31598 71519 71030 31916 19146 45484
1037 18
90410 90382 59650 97148 83452 89697 67113 59078 11076 23309 86998 38137 91667 61415 46511 36246 17608 43317
2047 19
37522 85450 94556 19298 28650 75223 10296 80520 75276 16869 5708 81296 44463 29083 7932 31450 65400 16253 956
3109 10
5398 50905 93747 84480 70931 90908 52392 89613 1094 77712
4914 11
16410 98086 51134 78860 72650 64661 65108 89836 53581 26633 156
427 11
77837 40282 98000 99282 97772 77656 44066 50193 92463 43303 75089
2214 18
21223 59288 36172 6515 94368 5449 88742 25274 75024 69006 37980 64376 71149 9236 59437 45646 51556 69665
2467 14
23946 55542 5245 79469 79900 85069 59639 70304 88573 27827 31267 85154 18572 61611
2470 12
63724 1465 39710 41697 55965 41551 56202 76510 90674 17111 84926 1537
3859 15
84076 17275 50188 24656 76163 67990 22248 40901 90034 67860 51337 30049 61686 53180 13583
1064 11
55237 30403 25526 33307 519 43738 63948 58305 3696 51195 68709
1500 15
40574 28932 65605 14209 42562 91043 9293 82465 19342 68817 8147 88956 43054 75446 14421
1565 17
19907 82383 60497 52008 94823 85015 71487 61342 91398 32549 5130 29635 72597 96150 97056 34472 21345
3580 18
84211 26308 74033 43312 54485 7837 12403 68291 94672 24670 22381 33000 29107 58325 15914 88651 47553 93285
440 20
92904 97381 51407 98786 64025 14865 22669 90229 22051 96386 81887 75875 72845 88277 22116 52863 29751 17196 52208 65068
1963 20
6107 60410 77314 53039 47421 65636 61203 21730 41579 41118 33341 85379 41207 41602 36653 22925 70641 27447 95370 36219
2365 12
88611 65862 11106 34759 97762 86580 59144 82901 90331 92877 711 58568
3415 15
61919 15130 9039 68213 51104 74564 11174 5836 68404 56476 55114 10811 57367 76940 67042
445 17
24482 47090 69678 64459 55148 18854 24640 32384 90346 14411 27036 36172 86612 2014 92413 59344 35349
559 13
19849 7190 45994 84609 3448 36910 70353 9269 47217 5788 87584 50412 56575
604 13
29140 58896 76134 46407 80612 16250 19444 76575 79703 99172 32057 53894 18628
3331 13
87848 65361 33693 10894 22790 54908 34050 13829 82845 69768 96228 47058 37966
4681 19
36866 72529 35887 50545 74041 55202 5920 76932 74710 20058 25106 88926 42506 26436 13242 81294 8956 9211 83177
548 15
54149 52961 32263 47559 53466 74869 1969 95358 4373 84013 30740 28077 87470 87751 71669
1139 12
63126 1884 33173 51672 13159 59678 46215 41635 19263 24234 80578 20382
1176 14
35942 84570 46632 92171 38649 91541 58895 7382 80163 17553 57842 85015 91262 63336
1842 11
50234 86868 40130 8019 64327 27023 99442 24906 81506 20617 92422
2515 10
90178 28199 97474 21342 50821 62625 69729 72239 54834 78082
2675 14
17293 87522 91568 50380 76632 82203 20321 928 61797 38806 6623 27564 20859 75092
3473 15
29757 2789 74712 34460 32208 87775 89557 28388 16736 58628 97635 56850 23666 69252 95151
3941 17
16478 41397 8724 35672 80541 41179 67271 22286 81858 45541 11777 28017 84220 68285 85941 82345 83562
4490 18
73008 62514 44635 6041 73041 83630 95526 58202 70238 77937 49258 71337 19038 94608 39788 88257 16060 81386
237 13
67478 80910 31849 73477 95786 86725 88352 62161 48154 82791 7343 91842 12804
283 16
34533 42973 17523 2751 17747 53977 20758 41323 48462 69277 80348 97229 89784 37540 66568 97389
465 19
82793 43614 666 10458 1139 5493 48125 22169 43640 27856 54490 30843 39961 11588 32334 57715 4418 36875 31246
1398 10
53546 75665 68616 71375 103 19404 71515 76576 62751 99371
1661 20
85544 63329 39745 31834 75322 35534 61243 78657 24792 52131 99581 148 41620 38934 54200 88907 86486 24511 11558 51298
201 14
37292 43702 10122 9003 59402 36432 55418 97865 22782 71461 41939 45238 16015 71506
1826 18
83776 21922 83330 9471 38060 90765 21512 83483 66497 5968 62632 55687 26070 79766 20399 17481 64048 18765
3022 19
88733 6089 38872 79857 18402 78659 9564 1628 12561 30140 14072 90683 25983 59416 426 3416 6448 73124 61920
3461 17
83545 45251 64719 53146 78432 24671 79482 80472 57471 63594 75743 86615 80802 66513 52546 95085 58934
3962 13
74529 25172 97899 62747 83948 84159 20353 80896 65945 29084 20584 57824 72827
4246 18
59780 66005 9858 44035 67222 21451 64689 4405 84822 75618 38259 53527 23821 8708 79660 81796 32000 42037
1394 19
77041 1096 39712 81438 24054 94512 7515 63950 15102 54932 15018 15424 88850 2359 5295 31292 62801 66090 11683
1481 18
18457 57324 39013 18694 74128 6691 69948 89739 78483 33411 21795 42698 2528 3516 95592 74501 80569 23414
2941 18
93261 26702 60521 83131 48683 39976 6628 74413 4640 88228 87413 66681 84005 23637 99409 39396 33092 15166
3921 17
60181 1420 74507 45079 43430 89556 76490 63852 54401 89729 15053 86890 61771 14659 43480 46074 85820
4933 20
14509 1839 84850 20475 79794 23819 67725 20954 12876 17651 8786 39705 93439 94648 38428 26349 23748 92209 79686 26933
576 12
16664 30843 35571 35371 27135 22253 68442 96841 58222 39389 61498 47697
1924 12
97887 14053 25447 43103 27490 51494 83603 96748 21520 84775 93873 18224
553 13
4588 11263 99737 94079 17475 92964 14976 47859 86338 41198 85293 68602 24031
1630 10
14764 44063 74771 30501 82512 84827 4576 20363 85785 36035
3080 15
87054 69934 20809 6733 31796 3671 54164 17256 81404 40481 74341 1883 31977 64673 78611
3190 11
66225 77446 22820 69330 89532 44637 58233 87931 92758 81909 34229
3234 14
78255 23146 16414 33830 63563 93421 56990 68210 33474 22305 82700 7000 36246 83097
4472 12
77229 6311 22 35070 91501 96709 24982 44076 13360 11639 74212 68847
270 12
33876 89072 68709 97247 95657 99707 83779 75116 73124 97589 53802 20521
1778 14
71627 51003 57572 97633 14180 37771 18685 44766 18335 98875 51298 68698 8363 7926
1900 18
74098 44343 37072 63098 23406 85919 84127 50534 2202 95164 8321 39581 16673 78736 79683 92978 71537 5857
2743 12
89395 5936 36887 61905 26435 5732 57184 21263 27303 23235 8141 31334
3162 17
44136 45853 56030 15787 90027 38786 92112 48889 50177 46635 26920 57718 40323 94050 36009 7200 37771
4030 11
40679 77577 29839 82056 75412 16822 79414 86330 79646 91076 56908
4160 11
55481 97979 87595 45332 2923 49384 52496 57938 97538 82157 33134
620 17
31142 10717 63067 27378 17004 69387 51771 86290 30153 75530 76139 53525 11351 33339 51858 52399 90128
2960 16
45342 45574 55584 12111 87793 43250 63754 57689 73536 36144 34976 81236 50442 51282 86783 93223
3199 13
39943 55105 68187 30461 2875 50556 34905 52228 47618 98845 88395 11593 31616
3740 19
77835 68795 40681 58097 58495 70845 70126 89604 16097 54151 46351 37086 28429 81339 96736 27039 66815 63558 74579
825 18
62630 16387 96894 49609 44047 72176 72211 20058 9758 63729 88894 69306 78064 32974 37375 83695 19761 35649
840 17
80058 13123 93694 36179 32726 11608 24554 31436 27925 7307 49731 40919 80803 4366 15538 56240 12625
2816 15
89651 1099 22929 45160 73720 28229 81484 55708 43990 38634 98923 14992 10524 89434 48063
3970 14
90280 80384 1978 2949 88203 74394 58686 32750 84154 81727 37441 55053 3427 55513
3987 14
10272 9082 86824 84063 43217 22648 74591 95453 70107 75163 67400 83090 1696 78045
3997 15
19091 80548 96706 58924 27923 52007 77846 91338 95705 59100 61833 5721 6561 51323 17696
4273 12
7493 67891 67823 13573 73157 19273 75342 42295 50238 9899 55802 25865
4676 13
90023 11921 58308 12589 52489 32880 50741 44846 59718 19836 51827 48092 52453
4696 11
77041 99763 22119 71248 51178 54663 83870 12829 34933 88240 13021
4830 18
12587 16188 43359 44469 47652 52179 2082 90737 38252 31810 57205 9797 90407 297 65869 50014 19407 60012
38 15
92416 61902 45134 96167 40183 42521 21768 5620 40728 734 21305 51190 97654 10335 8915
930 20
50122 62830 77709 60154 64593 24536 30940 69882 68671 98123 32075 64149 24066 8878 31670 68975 55988 76659 15374 69252
960 18
81617 79697 5744 69955 4926 90819 72642 68638 76569 26015 87430 84332 98653 99227 87879 46488 96800 10369
1288 16
75480 96875 31277 17535 48631 73343 72681 68253 65587 34637 6248 76667 23362 45021 58451 44331
1615 14
48943 50652 98400 79922 72081 16979 79395 2573 41562 83953 41881 8743 2039 81152
1707 13
99351 31228 4496 71709 24638 22165 60513 16890 49920 77883 77047 49110 23566
1773 15
13491 70494 61380 13988 16687 79356 33405 79246 56875 18163 68833 93441 23778 83220 73845
3334 19
49268 95596 87949 78535 8390 9662 74193 86180 1165 70502 78792 18424 25209 3390 67012 66019 28291 72123 52459
4262 15
2649 37766 95687 99093 19258 99899 16923 20219 41660 91301 66192 11500 37079 9998 22636
436 18
30423 65951 11589 96497 80284 78386 20540 15140 58907 86715 41981 94503 73634 57743 6930 48725 6619 63990
1122 16
39662 1885 16524 61361 7037 9959 69073 35032 90466 69606 3419 11366 77572 11343 5258 90599
2703 17
35603 33571 96945 22680 50817 48793 35062 59556 95526 97736 76451 56131 77725 75411 70683 68548 35143
3328 13
66257 80203 7347 26713 68887 67785 16127 70920 57902 12262 26667 47850 60333
3352 12
94089 86334 16546 86456 6699 61459 94067 8964 70537 60306 88278 51576
4067 11
89745 53144 80449 33250 67211 60634 91082 39419 67754 95975 47766
4376 19
67537 13235 11920 36979 35578 13887 85611 67236 29485 98040 50534 93326 39423 89574 61068 11674 92619 89126 6162
2183 11
38033 28341 32379 12011 80739 74710 26920 28438 97653 88653 98029
2382 18
23143 61486 77262 48747 15841 71765 94258 28433 65970 6773 92748 10141 1950 24298 57769 21701 75405 69987
4355 19
51294 1478 98644 62148 81916 45052 87950 73320 13807 62132 50139 57430 60822 55999 56024 28851 7753 47254 26051
4963 18
47826 39937 99191 21883 13355 36289 28802 32355 67334 31380 61153 99629 28048 21360 34875 44372 42460 62023
500 18
98148 91652 22260 58655 83347 71608 99206 94222 22226 57125 98225 53816 25274 23993 62468 66310 65414 78037
517 20
73642 47947 89982 30055 74050 54076 54503 4500 90605 41481 45419 21012 57333 81806 60630 3476 74245 46862 79584 49599
679 19
93904 98826 76598 39950 63537 5442 42288 1380 90947 5008 8937 56499 91702 28064 66304 10728 38913 38440 85535
1172 10
53936 73560 39355 73063 5986 5600 53813 4972 43743 25746
1360 13
75510 84443 99570 74506 16401 55306 9139 66993 13682 34939 65475 48303 20601
2842 17
25473 38625 64561 82656 44434 9960 36178 78882 42539 86651 56372 4957 35245 35329 63993 63719 70850
3491 19
87251 55230 81078 24919 39981 751 52272 36976 92693 19591 77477 24849 84838 52810 74566 39672 16186 83403 49651
4297 19
8519 19612 5924 85081 25838 35826 55765 596 7838 75660 41818 28652 71757 10514 50128 81533 77693 40342 40293
4710 10
85880 2898 80858 79156 43311 78330 6924 6909 34288 67135
324 15
52372 33810 49622 65373 72771 66211 92172 97225 11697 65996 45972 77340 71708 4785 10291
1097 10
67248 74675 38974 17246 84461 19570 76006 41182 36934 62296
1244 18
9198 73099 58545 71727 30477 8718 4661 60745 98458 88658 75652 40847 15399 71236 60374 65878 69323 2194
3572 19
52260 65971 83768 61989 71847 58966 92553 11614 38634 55647 57615 25351 56378 89382 36954 60392 4815 86559 7170
4275 20
32042 47970 99148 93416 70417 2809 80800 4338 60857 98905 92110 21220 86342 71821 46631 63686 95189 39744 80892 86091
746 14
48407 43748 20325 52454 191 79867 16373 52917 73907 79365 96218 5247 90779 52203
1499 13
47232 25111 43493 62500 8360 4927 21391 42547 61651 49634 48559 68796 87742
2100 20
61905 46250 71192 53743 97726 94917 5865 35427 76171 79502 83379 8045 30916 54872 59515 1945 81719 23256 35894 54967
2746 17
99148 70366 11870 27449 96044 84885 2760 17972 6172 86804 77302 81792 37813 92342 39339 61610 94130
3249 12
43979 32287 3663 71565 88941 41500 1549 40332 75883 18043 15034 65414
3406 20
91345 2525 67680 2838 33196 36740 82917 53507 86708 86556 37390 66604 28551 39556 55139 82683 77535 84299 3749 22649
643 18
55374 23442 84711 71602 99460 73064 28243 1126 4375 8537 87427 39678 80377 16021 36961 62582 65144 81916
706 17
20841 1804 28375 10130 68665 9322 15331 96598 13147 10091 33992 20981 21956 90300 2800 27067 2442
896 18
73411 51615 84771 17942 10622 32544 56854 65633 27111 31190 91672 72230 43258 55381 95797 79679 11746 23617
928 15
488 16047 43078 46933 20221 28534 28109 89887 63385 507 919 14961 81869 66655 30920
1840 11
40971 77428 63096 61037 96291 31430 21464 18197 42465 67353 54509
1876 15
69212 32017 62546 47861 70547 73738 89753 42203 36623 64029 43177 46246 36846 59643 59688
3370 10
70702 63608 42678 89549 11541 22251 26142 55538 11899 84713
3708 19
70782 9115 70739 57344 20149 26006 79985 68448 91434 41962 62570 91748 42834 90844 58657 83868 80897 34595 52573
4201 12
5013 58652 93801 81159 26927 86555 98822 81993 64755 10444 479 39389
4393 18
23274 7129 28106 83247 90953 77553 95520 45703 96102 56902 41944 45930 37998 1359 71227 92230 34591 61800
4419 16
4977 27996 69748 29822 87742 75666 60288 59494 17409 23924 7974 90526 6598 6448 6557 76124
891 19
64491 5752 88916 6322 25101 39858 76477 69921 79752 77788 33768 68095 44791 87948 10855 67375 61413 2533 74930
3156 17
17659 20300 68184 70022 41816 5883 48445 18056 43827 44433 94725 82727 50115 69169 60921 41314 93278
3722 14
38383 8250 67561 17420 22645 81754 39803 77650 99809 68679 74617 92803 30831 86539
3961 18
41373 76044 16499 30526 76039 56275 22892 22304 94222 737 44288 99374 63866 2633 91102 93394 23102 11497
4604 13
82423 39649 5038 66708 98772 63847 2724 41997 12035 97600 43924 15376 96775
905 11
94250 89978 17697 66607 47661 51349 49717 27684 41493 33693 36370
945 16
33554 59483 73256 92601 70182 19221 61938 54232 99617 46515 79334 62066 33302 15560 64662 17173
1736 16
85057 76014 28835 303 34738 63766 25645 14500 98996 79834 69424 3596 17055 38986 87013 64976
3407 20
56627 10902 98202 44095 76951 49376 15630 8722 62572 48469 83592 23169 60096 32395 13860 69065 52696 85147 79535 1747
1085 16
98300 84303 80169 27081 88890 77679 63683 61092 54841 18908 11454 53453 95588 65959 62317 21633
2058 13
89966 20315 96608 37058 85397 58545 32764 9370 65925 80998 51763 36073 19708
3891 16
5875 21847 69713 70328 64916 42805 77393 45174 27807 17549 86807 92040 36064 46221 96200 47052
4817 14
73641 69823 88560 42036 89661 54216 38858 86077 71596 15645 94199 11129 48229 30252
542 16
77627 53334 35954 56865 98687 33694 45750 98025 88830 85408 90563 15560 77058 12927 22135 60895
1086 11
76487 35102 60512 67639 16383 33845 5810 42472 47250 45867 92886
1689 12
61250 14729 95323 23847 80118 93148 44913 4980 44785 54325 25335 38963
2173 17
16757 32546 12607 51897 82221 32753 31904 76018 33439 23723 93331 71167 61124 73730 23658 22842 65624
2233 15
18383 40443 23838 18621 61160 7800 52084 24127 23356 66997 10891 24448 48851 98684 72735
2992 19
61417 3561 88976 64644 11357 43192 16692 72952 93737 89410 60307 10896 83804 13816 95073 60782 25118 23535 5446
1189 17
97821 18505 27803 822 96492 92432 45900 4207 76647 79407 18054 95218 24042 87032 42713 15220 83259
2385 17
88792 32956 69049 93991 49303 89783 34520 93376 18518 80895 516 96413 59548 81722 40289 31141 64820
2854 15
85806 48426 49956 41904 49002 65857 94586 82910 1986 21531 88593 66325 6340 67260 50157
3194 14
71611 87381 67871 4095 18218 12605 87799 83891 79918 48668 20979 42052 76102 73420
4437 19
51678 21619 87657 39214 87815 3701 43054 69434 68618 58316 9398 13497 93000 34930 80624 59281 30799 40073 47173
2260 17
69575 43072 1867 32797 93385 94835 31416 49470 65117 21737 53854 40058 29339 95866 87116 42714 97427
1601 15
24960 40625 99629 21338 8350 44328 7951 77556 80302 48156 86336 97871 98568 39225 1408
1855 18
9069 96407 95525 60793 59700 97531 41712 34946 98138 73047 29595 68164 62318 42300 58574 99613 15651 73051
2760 13
89490 93269 78645 26113 27297 57304 85851 78331 30126 64610 16929 36859 64077
2892 19
30672 85247 51425 74543 10531 50451 20815 55996 4658 56667 20135 15090 26190 72634 37513 53745 51820 9474 69949
3313 19
61534 27001 29810 76838 15087 54001 12670 39101 97791 16056 13500 69247 29372 27145 15393 21240 55400 86764 78315
2147 16
79979 87523 69647 94883 76154 58874 46721 21848 70931 14417 39926 23635 70177 69524 88703 66472
3174 11
46174 19332 23790 97211 76063 40849 99106 15100 51774 72204 55243
3574 14
1382 39596 92606 50312 39552 95404 25306 93652 52862 27826 5396 28310 98427 89510
3916 12
87022 90732 28715 99473 11667 88137 38239 86408 73905 44883 93158 48830
4144 14
68020 39404 82676 62863 75399 22877 45036 53109 28661 25841 39049 37344 24065 61793
4343 10
14267 98181 7638 27144 98499 6854 51840 30423 2801 63682
1046 11
32405 27894 82979 18801 51995 24836 89745 79786 90429 3777 46590
3265 10
37816 75728 65574 47961 71343 66478 39092 9498 48133 93217
656 12
84733 72462 79008 41713 1859 78048 65486 53488 58936 4613 6519 79955
1325 14
14556 31296 465 45731 29431 39053 26184 12569 65793 34972 2146 49607 50593 22494
1538 11
42143 47429 65580 26690 58325 41813 18017 28339 89539 52573 68919
3755 19
89399 93679 28933 66021 63749 1719 89386 28997 54060 36632 37715 69000 79379 84772 93419 11814 6167 86288 98204
20 18
60514 37314 21904 99671 92494 54544 6642 54112 83263 17453 82710 88220 70902 45286 46404 79689 68344 56269
1525 20
62072 22667 93090 84745 56296 24060 91112 42323 9687 59789 9352 68314 16791 27961 73558 53366 95293 94367 88997 60421
2159 14
4601 7283 37790 99497 42551 73915 20067 11073 95876 5075 47592 26220 5738 3137
2509 10
15991 42915 72907 99990 63796 2006 16645 17423 14228 44888
2672 10
44652 33951 91066 54642 27729 84731 68276 41583 16339 80974
3636 10
81316 80483 14751 9364 72420 94668 95055 39915 84031 63062
3770 11
85612 1417 21062 41469 72181 89225 23914 26049 20648 53279 7000
596 17
46476 4486 19381 78750 45189 73424 21094 29978 13413 62933 90416 72410 92762 93847 5803 34563 86698
1527 11
69549 27382 77534 35749 78014 69907 56456 87633 57432 77085 61821
3454 19
19304 7321 31384 52330 65362 68136 79703 65309 32422 34871 19732 4898 65984 61351 9148 55062 84783 98346 65778
4359 10
44374 97827 25459 18416 43800 30486 14621 42468 88920 2302
16 18
40720 59477 86246 45051 46573 14484 79317 12081 19163 80933 31044 65538 66289 46212 78933 45060 69365 21273
1033 10
80585 22592 54274 1227 59925 20678 35336 35570 32089 66969
2844 18
45857 41712 26121 25923 24330 17128 37364 4865 33407 36905 54250 56319 68704 60242 42675 80140 71923 7206
2955 14
33459 6516 63230 23994 56846 67929 53844 80141 56386 82628 88160 32015 55897 45602
4241 19
80956 65406 69432 64581 32512 87208 22983 11817 28901 39604 72229 16678 62174 5812 94093 57750 23074 66206 63342
4303 15
96212 87206 63926 67719 76647 97744 31098 96622 26137 29590 56952 47168 15713 44742 37729
4445 17
60268 77720 63365 56712 50809 73055 96486 32619 73735 59127 43752 42766 43633 14088 88140 86879 62825
4922 15
81163 55496 34812 60538 49962 83201 62477 25913 96621 98603 93787 80026 18904 80257 93774
997 14
16160 19900 21592 24588 17065 83437 4179 76033 67812 588 56307 54125 7654 66675
1224 11
61704 16614 56486 7351 40119 45202 70152 23191 70091 625 46850
3235 11
56469 2687 50559 92748 15602 49620 53556 59134 1888 73072 43831
4250 20
98758 59754 6612 66035 12544 25688 8404 4060 22377 79679 71909 95329 25963 64845 20049 16418 95498 8999 89802 89315
116 12
36649 90103 90934 17924 1333 17844 35172 73207 39838 44003 20463 87578
147 19
37740 73296 53926 25669 85475 68662 63425 37898 35845 77014 19749 55169 37483 94927 14550 22178 52718 10586 88118
1502 14
65482 29552 13465 94611 42274 12830 87922 81262 96194 26116 73268 9693 99891 44371
1717 15
70544 42087 30082 18282 63071 64919 27712 31460 51369 69813 50955 21343 39173 4069 87759
2867 10
44376 98640 59948 57575 27941 39822 22326 12572 56321 76808
3416 14
31117 95253 34173 54394 89298 41533 27494 96074 784 24787 3333 65223 23286 27077
4642 18
87856 98470 37582 58561 55836 83257 55167 18398 57000 77400 28643 65693 99962 11046 96297 5820 55036 69737
271 12
58492 63979 52609 43628 21063 10308 35724 16770 32097 73697 69751 20456
456 17
7165 94108 41921 62416 37620 18127 66596 60387 53796 44679 55689 71859 9380 87689 65439 59989 18385
1982 15
52438 84818 29932 81338 32294 361 91896 96759 16936 25876 78579 94342 12602 87622 31774
3153 14
29753 98432 97369 62841 27340 87964 44700 25904 19664 22500 12453 86269 69678 18887
4735 11
85302 15065 42006 81961 20641 99664 48100 43634 2503 99949 76782
1640 18
17916 45754 82408 80930 33249 57479 46517 18860 10173 230 28535 7256 61934 45617 91380 21242 5558 97768
2598 13
85206 77400 47813 1537 27840 64464 69476 30837 3615 72870 86608 13580 81761
537 19
25397 2473 81853 30595 27234 76734 98577 15699 98569 14282 17842 81581 26854 91758 86922 39709 85228 51889 81256
1238 11
46884 9767 86326 6089 78135 40087 96974 3796 87794 89583 63395
1506 18
43158 81939 16653 95044 38992 45517 76033 11935 10774 35612 98002 71105 74048 63896 26680 39132 32575 87382
2429 20
14201 11092 8951 65499 68148 87863 16390 49180 11679 66504 14546 50104 79520 2292 14625 85520 57579 37185 80317 19201
2632 17
17173 33741 84222 45380 55553 41768 83070 15425 33928 58992 70290 58005 63572 41421 69919 32822 19336
215 14
85451 73349 91887 94955 75230 57002 53445 99274 57345 66100 58909 80511 66489 89190
2364 14
16137 80280 76841 7771 20065 60885 7956 70594 48163 39597 25067 8234 79560 76253
3545 20
62319 52409 67367 11624 5685 51188 40498 70207 21320 24607 6648 90854 78285 14653 25525 96911 13834 35466 94688 76042
3817 19
27449 24180 12370 23889 20117 99407 99112 37798 88456 97393 88142 99990 1970 84587 76056 554 84939 35154 59532
4019 19
73502 86048 93507 75900 46896 77622 45883 57610 68577 28194 17988 97287 24748 97352 8242 4418 11158 70984 22638
1721 18
49144 45900 1271 6368 66601 92021 97360 12706 29998 12941 979 26762 13436 9681 1328 46182 96680 75648
2959 19
52491 90280 10966 87495 59342 78222 53266 50771 52099 47127 93502 7950 37926 95288 21030 24428 45449 79181 34390
451 10
78636 15961 55199 15297 46950 55813 62222 94095 87307 66191
651 12
46527 90403 42721 73341 85449 3188 20267 87609 47205 63256 66517 56654
1907 11
32833 80149 60202 46720 48874 51976 23642 20878 87661 17083 99838
1910 16
10968 38706 88359 48246 44994 83784 11762 17618 77121 75890 4959 90311 90245 40637 71281 32105
3072 10
59048 35609 51446 11517 51870 95037 37035 26069 16693 78954
3256 10
74396 35741 15906 28564 78985 21687 18521 81963 87011 40079
3437 10
95139 68876 60974 40649 27826 28689 34182 4850 77581 33324
3713 17
40989 32078 77959 45293 28797 35961 75529 33442 56048 63670 66585 40990 34201 41562 22799 44324 34631
3725 17
41252 80533 35324 65302 46234 36373 36733 74399 56424 7157 85083 96589 34481 2746 17487 54085 32565
4134 15
20179 83069 32660 92683 69349 29586 51236 50719 96714 99695 16676 97582 65192 31823 94628
4501 14
61439 86580 86466 95217 80404 29999 6466 41123 94574 33119 47208 42837 13883 34800
71 11
75318 6349 65594 75600 85486 74881 70663 62816 40430 39726 48167
143 13
5193 49036 66255 52677 66161 279 13638 12602 60993 2562 39825 83523 77545
389 18
85213 56458 31056 60813 35995 57105 60971 3777 16355 2817 46437 80513 97289 35872 91243 62520 98125 89658
1387 14
1764 7146 1750 33690 83555 69293 82649 11485 87865 47004 33853 69901 47755 24782
3605 20
31578 90870 27779 8975 45987 65603 42192 72147 83102 13642 94252 61346 23769 83853 25793 4942 87257 66554 68443 98521
3788 19
54384 45294 5704 99265 26619 4613 94641 54710 20704 18810 67305 91594 98751 89924 89413 20309 79613 35027 94356
4855 20
85241 96900 46226 51015 48909 21275 27092 60112 50795 66955 74976 96302 44135 68090 49002 42704 1671 54726 61824 61253
4884 10
26790 9434 55045 55133 38460 3080 12499 77238 97829 65210
2375 18
7137 59676 81737 7000 72883 10711 15912 93719 50227 72134 20658 68368 29920 23324 11564 66067 34782 37447
3145 18
96033 75249 18558 24891 9298 82833 8138 21898 56520 38087 92592 56795 18257 67669 1539 37118 43228 37013
4544 12
11467 3786 18326 17865 98404 87227 28392 54207 16494 60387 58307 72805
1065 19
50281 73016 9015 91882 59899 93966 77947 39346 88148 87160 33295 95946 54970 76483 28543 56400 78289 9836 36080
1104 15
47255 62150 91881 77783 3022 58287 69450 3806 71384 94172 92947 55890 49627 17348 41195
1475 11
99146 27977 86472 73586 72781 90447 44559 65092 45883 4597 75612
1815 20
53452 66241 52911 32932 93261 77584 62223 72742 7803 11472 19271 73409 39778 46231 96408 11558 36287 72567 21898 20432
2176 14
74899 47153 94953 8809 45715 48137 48618 59273 54381 44644 52505 11353 14338 27705
3536 11
7099 2153 84469 91468 94519 78188 26612 63716 25393 30838 82930
3628 13
10089 1000 55607 15847 32745 32178 25626 33758 70186 28325 22327 44963 86633
4667 11
91153 89879 60890 17554 13365 71524 55608 90290 13143 10076 77300
4772 13
20258 15021 10587 48141 5871 80451 14058 52198 56268 42719 61067 73300 57075
699 19
56321 21691 94146 54313 92304 32827 67302 89322 57289 48721 49052 34845 28292 82912 7888 63799 23773 74873 2040
1417 11
48142 71834 65627 68414 57554 1736 89133 5296 95129 70597 76016
1583 12
70635 11536 71362 83788 41484 55081 3175 83539 61582 50676 35160 51661
1803 20
90642 39287 11354 99959 60834 66257 88812 65450 49557 20220 6187 99296 55820 4666 30171 29714 40407 4746 74092 15430
3520 18
93530 42699 6933 77097 25285 98266 62718 15055 58047 64111 51922 8184 15549 84153 15673 17340 54409 82462
4149 18
18220 76588 87792 85027 38224 94538 7599 70515 69457 57497 27816 52101 66456 1008 91343 21724 83190 32801
4719 11
84992 49661 63976 75262 91482 84150 31654 24329 38691 19413 77935
1603 17
29603 3401 87388 62512 29990 69034 91212 1478 25215 64885 45451 65493 22941 40011 67702 64443 70693
1633 14
26051 72121 17025 94786 76842 42531 15659 94223 43435 93347 58188 25661 98360 5312
2348 16
29342 92914 97491 46751 19924 93827 8266 72651 75198 97489 91167 67609 77993 71503 29236 84845
2752 14
48863 9004 7666 72096 42004 17569 35519 17011 14001 1151 87812 60704 22563 30093
3560 15
7808 34503 32669 6511 50046 69289 33925 9078 79096 905 72829 89405 43330 57584 86281
4826 12
20573 90317 93622 19177 8417 48454 70027 6805 26663 90231 67671 43611
15 14
12330 97244 34990 8913 2196 83108 29618 17740 23394 21436 17745 59740 1051 81548
1966 17
69105 14222 89946 83505 78308 8523 44201 57809 18759 22877 79121 42289 32503 51362 96754 83275 60672
2770 13
31747 79297 70380 59207 71010 81100 82834 29312 90269 38940 26100 65761 39826
3258 16
99284 40100 29180 88380 54329 4559 12543 71469 77319 63097 30095 57657 32506 48024 45434 95274
4187 17
36547 49274 26352 22792 24083 49193 20997 74113 34811 62549 74882 72156 26427 9564 16251 17209 31820
4316 19
35146 27151 77513 99961 14926 24007 71294 18902 33788 66447 78639 37870 13342 4950 26179 5208 59990 87587 69061
4766 12
69725 81859 71815 10654 85998 17282 17846 53045 54867 60239 3503 52953
4828 20
30359 28147 19797 41459 91043 94398 66981 24457 54907 21408 80393 51609 91838 32776 24202 44288 80928 18825 45350 11114
4859 14
86388 72169 27090 59151 16224 16957 3792 41671 33989 33235 97398 28797 71993 18766
3414 15
28869 50822 46162 18116 47681 96993 61996 37748 60498 53780 36473 10709 91806 44167 99745
3978 19
95845 64383 8031 81877 30858 37725 79777 16469 92462 38070 63814 97688 23535 83202 22060 14252 16539 64152 34379
4082 10
48890 23389 15559 88085 97931 4793 51277 38079 58426 90261
4810 18
22933 98001 72468 6539 74749 50133 26100 73053 6652 38517 53927 43072 63219 97418 4283 7430 10910 97043
73 11
61346 30379 79103 69928 22148 78262 82289 76043 20938 92750 88601
461 18
83538 19242 47118 88031 43121 47063 39768 8756 47155 32445 50918 47097 36998 42774 37561 33194 79697 50539
1268 19
80268 68325 85192 6648 2779 5787 47798 99819 37784 17540 30239 97669 46618 42468 73816 21854 17914 12045 98037
1541 12
66921 86216 52855 79029 78420 36213 29962 11071 33129 50924 78308 34350
1686 17
15568 43095 79064 27587 6033 98186 84104 51828 85775 8722 82258 29562 81903 71881 75853 44011 59290
3215 20
94834 51720 85996 29694 56551 87224 19258 28626 17979 9127 87041 85233 16565 23408 76153 97697 56506 48973 12289 45484
4097 13
75944 81083 58574 43288 79743 52444 8825 75174 76441 15629 68106 50909 35897
4484 14
57031 25986 19123 55439 950 8396 10703 49925 52758 52878 56565 68414 18372 2072
4972 15
69628 95446 9630 76641 10804 97453 78871 77302 58899 85810 8511 64964 24293 97998 48452
320 10
2459 33873 12364 49966 338 38859 17918 39993 41305 76245
762 14
48726 28869 29384 11959 49549 90196 28259 25196 13525 51630 85062 99206 69031 93057
2121 10
66663 95662 9257 70619 69010 82022 57567 90130 79764 59729
3078 12
32264 5212 51436 38367 40235 71149 94732 62238 29391 83954 42488 17749
3583 17
26736 70855 66245 47975 10296 88876 90911 51240 3620 4142 4863 84632 53798 25809 68581 75039 70646
4346 12
66736 59401 26532 42961 28209 27145 74795 94078 49466 15630 37910 74401
4450 14
12356 15705 7272 8070 14456 77812 36551 15875 91287 75873 21934 44453 72514 21243
4737 14
21135 85147 98118 7423 5932 14187 76690 50866 83117 71699 69483 13887 61044 74781
2165 19
31359 34105 15537 25994 66297 7075 34557 14905 58770 86229 5751 92114 30023 83067 39897 31140 41707 34551 42089
2402 11
27663 12370 56326 92810 22988 47570 2946 35838 26911 32211 17679
2708 20
83932 57484 96343 75651 34517 14779 46311 42940 74184 56282 28024 43114 37677 14008 64931 58419 39506 73774 82422 96552
3220 18
82464 90438 37185 47995 54061 64952 8025 20613 27113 19603 50392 57394 54555 94160 24106 8620 54112 80587
4461 11
5528 43351 11087 64411 49969 54919 23011 9593 22868 73507 70088
1529 19
41879 87517 25606 41228 72008 51543 42523 38199 77662 65288 6554 34145 4901 87482 53440 9994 12962 79966 41270
2885 19
44827 75664 20873 5495 16282 94554 28873 69592 36342 68301 71358 38549 43345 85916 68465 72549 37712 70927 12986
3285 13
12234 2220 55959 39250 88608 96752 9018 21557 8692 54963 2508 27301 58183
3557 20
13712 29299 63197 78521 10628 1414 92543 88257 91890 73815 74202 49773 68202 67424 82178 74924 46084 72189 48606 32255
4041 19
60264 8987 5935 58815 7519 18840 30664 48152 36209 29633 1697 36335 39959 42016 79585 67203 96657 94230 61332
4818 16
14341 1357 46443 77117 38860 59787 12670 23039 81206 61078 46047 98938 51633 50572 78763 96916
4900 16
62800 35847 73689 84342 79457 39725 58292 56998 29655 22179 91273 31060 97207 30337 67258 86116
2089 12
90061 70459 54279 80168 89998 90595 79692 65452 35134 50096 57289 41311
3052 12
70283 40708 60593 18689 92615 20065 74867 9617 77918 55255 27905 96397
2614 10
99384 77377 88518 23991 40388 87271 15353 15457 25308 57051
3103 20
42284 2609 52451 19581 84817 33283 61016 24362 87541 26361 66861 62969 58485 85661 29529 55734 84707 13378 34091 15670
4114 16
67204 58383 51943 49120 12081 68075 81601 30644 68591 25976 87204 90605 79884 91945 55942 56536
4633 19
38658 73972 51555 1542 55488 20706 77396 26653 94199 15868 48799 5107 542 16914 68795 78025 16590 27747 44404
1123 11
62034 13407 39015 84388 58159 25432 32793 60904 92945 81414 15386
2533 12
84136 94798 23670 48486 53189 98282 39974 30416 12477 39352 82630 57288
4406 17
92020 98381 95250 52839 95558 93480 75602 58691 56138 83932 34718 13387 19981 35493 79146 85131 27419
4954 14
77046 21048 87224 81777 54932 24713 73161 50514 47674 47863 51508 16131 10858 43248
426 11
89569 98210 44266 48728 6427 47318 34598 63707 69733 5242 49744
871 16
90507 50882 20631 68576 52377 30799 36114 20914 19778 62292 11116 33691 94721 27474 61630 54053
1843 17
87532 36624 79895 37441 92956 20750 54642 15645 52837 45113 60475 55459 28056 43019 76691 6511 62212
2556 12
24058 64000 84869 97682 65874 6996 96278 66167 75658 37056 51491 15140
2685 11
26238 58180 43446 74360 13930 41223 32725 96822 72217 36346 19397
3301 20
89106 71697 4023 40547 96993 70229 38908 87044 31788 19561 16442 35755 17449 4947 8738 19556 2972 92476 1990 25109
4147 18
33093 74226 79094 15603 91867 36689 6268 11132 13521 24947 38934 38677 40572 63804 976 8048 46175 76138
4169 10
5064 57287 26594 440 11041 55050 98684 70815 28697 56482
4781 17
51071 79472 2412 91706 22539 81073 94795 31469 33718 58752 18917 73475 59962 94454 51238 82957 59558
4801 14
40202 31314 86630 6454 27033 2688 23200 69639 48752 66706 85702 70761 66669 75340
757 15
84610 66258 32956 6899 89299 46077 46677 30516 3877 80165 80031 70386 81960 85117 61938
932 10
66390 52318 57116 74371 46854 60252 2909 75396 1991 50284
2014 16
40581 67482 11824 41020 43259 76869 45155 71397 42773 47527 4331 50136 61722 10426 895 78708
2098 16
44220 52591 96341 48008 90714 85743 26209 1994 54257 66021 67487 11875 81133 17562 26588 3598
1455 17
57348 12021 1861 18743 69716 29948 21744 39597 26347 84335 49498 83228 49776 19662 42826 28648 75734
3008 14
75415 8538 96975 84471 99357 11958 24130 96931 22516 18518 30813 30115 34054 31683
4236 18
87281 8116 59741 57619 71976 19151 8349 82187 87071 18928 56437 64831 18658 53937 96879 93326 48622 5946
630 12
99705 81689 98988 11154 19257 12850 23529 13442 96602 22262 74942 25126
664 10
82544 55136 97843 53792 73122 46568 5931 63781 8756 19978
909 20
3975 92502 87173 17502 31093 87262 33171 8163 27663 51278 75877 42366 1692 94417 89774 23621 68062 65927 24854 53707
1173 16
92218 20153 78596 16426 38468 80006 76253 3757 61286 43022 16136 36425 98061 14082 20599 28558
1671 16
9741 86694 90169 69330 63207 1780 60089 16696 21087 79097 26508 69239 57973 19287 88014 3125
3758 15
44919 94654 80713 34316 21398 3421 2961 84740 23921 41794 33664 16430 30635 47580 44587
1413 12
59339 71655 91577 33618 25132 84823 81681 1026 23158 53368 83539 82723
2526 18
22043 58947 30026 89251 96877 45953 4430 80164 35691 65682 6488 95834 65517 50296 66337 49323 56311 78354
4317 18
9492 35306 57025 25723 18274 36099 53074 82251 14472 78738 98941 78053 83510 77947 63654 16708 97703 14658
1298 17
91395 78054 71548 777 20610 27229 61899 65581 18622 60703 44073 17089 42801 61009 75556 3430 81228
2617 16
75439 17281 46241 10352 83565 46798 12479 11167 31381 99451 2874 17475 15414 96935 93149 81492
3775 11
51774 2655 44989 853 95886 26001 29432 61795 69614 70629 51345
3797 12
9448 59361 72859 2911 91766 19699 86939 73244 1190 4900 36708 78604
2150 12
51620 3509 2026 84647 4570 24728 92688 1271 96127 54678 49254 73254
4970 17
22227 54697 66749 29620 25864 86094 16374 93042 23565 78106 92407 50590 64532 65783 57228 1884 78365
2181 12
41475 32199 66690 40055 88255 26882 52521 59218 37824 473 79324 45781
2544 10
43933 58985 33659 59519 61523 17663 37345 68213 49617 64936
2887 19
36666 99720 69447 80591 83250 52250 45836 22640 9226 85251 81469 79304 93017 51033 49005 59569 38765 49829 85103
3627 14
47682 95704 51948 83414 74605 1307 34419 72534 58037 47326 21800 73974 881 32385
3637 16
88626 82504 84024 91186 17408 47957 51291 62546 27755 84656 99429 50052 71024 81107 84154 68597
684 18
96289 3569 17968 6642 77143 76599 76404 59709 7471 47959 63941 29962 18534 89530 90353 62168 75396 78566
700 17
59674 42168 46696 36847 60993 9865 63109 67210 54636 37842 93756 7868 24597 39180 66592 26138 63296
4320 20
42132 17619 48582 62707 64836 77437 830 22018 18150 20351 72292 89483 23979 1680 6675 33109 38599 61953 69719 15289
48 13
25194 35013 83383 22992 58936 54540 36919 20457 97064 60186 18532 67080 23765
196 10
21560 33435 22238 5115 49095 13141 89215 66180 90527 83139
3128 14
88021 67020 40186 81527 36617 50377 96054 60198 20388 45531 67480 25896 45471 66658
1543 18
496 47097 4455 81675 12232 50525 99264 86630 24628 3414 37255 52022 80319 68795 55319 1636 25996 98801
2264 10
94828 14017 38533 49431 37503 30429 50153 16590 72784 41707
572 11
46019 27132 60007 13883 44937 4152 12897 91355 66231 86896 30693
1341 15
81938 16372 62345 80065 66562 24766 30802 77322 41176 94980 469 15484 31616 93236 61228
1551 19
51535 8504 60973 21609 57225 44066 4790 97265 88606 34746 9404 37223 2684 97317 57630 56068 41567 12481 68416
2859 12
15803 9120 81920 34096 68661 81311 79907 52467 38468 45111 86314 7265
3262 11
7047 4360 76096 33764 30813 12097 52486 85357 6771 1965 16906
