248
0 344
3951 53602 28809 53941 48814 45358 11007 80118 28604 15755 35444 87833 25170 65211 1177 62860 35319 27615 84835 59278 42434 89805 70381 81264 86920 60041 20380 71381 54810 84637 5683 94267 72715 4731 6973 86242 65856 77669 89610 11917 3313 34608 46257 30475 91648 17983 39752 99650 80160 75458 54534 84991 34505 18369 83832 65316 35983 3342 95567 38494 34541 20438 67555 99630 93817 96897 8024 28322 79283 71846 45572 42800 83261 99567 19369 48946 59126 29655 14769 10284 52090 59703 54633 6093 96284 20886 40455 85982 8930 86227 52050 13782 52583 21671 71589 35512 37925 6600 62436 80909 1734 88953 45680 2500 93078 64658 37116 74985 41060 93968 74784 35661 41289 37567 87332 693 77763 67516 38069 23954 42126 89917 9027 50317 93442 30262 73467 50872 42332 6580 44616 32366 69055 42557 7292 50047 85336 12286 23462 42234 5610 92963 97495 26528 986 71630 38677 31633 22510 7180 76197 36490 39635 81797 13975 50625 12749 55326 30407 52906 86342 89497 63263 22580 51722 4290 39496 34373 72752 2885 82252 14100 56286 24972 38183 35197 40929 4476 80354 18709 12261 28683 62989 8602 50592 76166 44402 83834 43162 45410 80191 8351 32237 7072 43658 56984 27656 39973 92380 25592 44167 386 3066 40061 38880 67463 29026 29259 19265 63214 74214 50618 70371 52465 97566 25685 63100 66827 9591 30623 92730 44902 85368 36651 52440 98726 2797 1970 54664 91345 48125 4213 27863 25355 43297 47044 80092 42729 2407 60979 82801 9441 55913 58636 2926 5325 34352 33315 71126 37903 75179 43074 10108 86636 22260 30769 92397 77738 75985 45717 62548 96727 41469 593 47842 67732 73947 2846 50523 18877 23922 38182 74650 96360 80650 74370 53706 39492 73153 83655 26092 83315 18088 94965 7563 17880 32267 4374 37367 29628 56271 6970 11006 84948 9069 17643 86413 61524 4328 8674 89603 71844 80636 85867 90797 85809 41328 85925 35107 96613 85964 71970 98633 32003 60944 73775 49538 27998 41071 22599 27933 46583 7481 79315 81433 91865 4113 65959 50394 77895 49247 39198 78361 31819 79038 24867 58955 9857 64691 64075 37940 31470 31074 12421
4 27
14716 80830 81122 29599 14304 51836 60058 50258 87330 38590 10566 10378 66572 77231 93704 99850 22452 47642 20618 25789 74405 12769 45667 45298 63122 23155 2463
27 1
11962
37 1
50583
56 1
48977
59 1
73532
61 1
95736
69 1
14377
71 1
99485
72 1
81122
80 1
77309
81 1
61114
82 1
94427
87 1
50311
100 1
48005
112 1
79703
140 1
54386
151 1
1063
157 1
41326
158 1
90949
184 1
15966
202 1
8459
233 1
12612
239 1
30252
242 1
12081
244 1
92358
245 1
11447
304 1
19039
316 1
75062
323 1
33393
332 1
94639
388 1
3461
390 1
99960
393 1
15780
428 1
54386
443 1
3116
447 1
81102
466 1
26054
472 1
21064
21 1
6246
32 1
50311
45 1
50023
62 1
92358
83 1
74501
91 1
11039
105 1
93908
128 1
13786
135 1
59567
148 1
34556
160 1
98295
179 1
66296
200 1
38000
212 1
3270
217 1
59336
232 1
70524
234 1
33939
247 1
15803
252 1
9005
267 1
82414
273 1
79903
320 1
80830
333 1
48412
336 1
14318
358 1
81122
389 1
87814
411 1
5239
433 1
45118
457 1
75062
14 1
1968
31 1
84387
102 1
96883
104 1
36476
124 1
11447
137 1
58065
175 1
77811
186 1
29599
213 1
14716
220 1
2198
287 1
29838
288 1
68672
313 1
69420
334 1
91447
383 1
95024
409 1
21891
416 1
77021
437 1
47585
453 1
33351
461 1
81068
480 1
56980
483 1
28567
486 1
62157
494 1
576
33 1
27073
35 1
49970
43 1
26683
49 1
13650
55 1
36164
58 1
24274
96 1
81068
107 1
86371
201 1
31754
221 1
2939
260 1
50524
325 1
6419
353 1
9385
399 1
56152
415 1
30094
434 1
39404
440 1
46707
475 1
48755
2 1
4967
13 1
27540
48 1
3116
79 1
65637
86 1
65599
94 1
27618
101 1
21589
108 1
45696
132 1
51566
185 1
56933
189 1
50090
203 1
57527
218 1
1968
248 1
82414
261 1
87609
276 1
8115
283 1
31754
322 1
94669
391 1
12405
445 1
97793
482 1
28987
492 1
59892
17 1
45257
41 1
43864
106 1
49776
115 1
30575
120 1
27416
173 1
3461
215 1
1395
224 1
49586
254 1
90949
265 1
42345
269 1
23967
286 1
18302
293 1
87189
337 1
56685
341 1
2310
342 1
69158
368 1
27073
372 1
74568
413 1
61234
422 1
99636
438 1
42621
468 1
99636
470 1
97134
46 1
85431
116 1
43342
126 1
75817
226 1
48755
284 1
32108
296 1
44325
297 1
24998
298 1
84578
348 1
31754
361 1
39404
374 1
39304
379 1
69895
384 1
66752
402 1
12788
454 1
55556
471 1
3483
485 1
24157
10 1
88451
53 1
72265
110 1
76904
111 1
95024
139 1
8950
141 1
48755
147 1
58948
162 1
74594
165 1
91890
168 1
31811
180 1
81594
182 1
43202
187 1
48292
207 1
39542
211 1
79777
263 1
77973
274 1
13786
302 1
69895
315 1
7306
347 1
18329
382 1
94656
407 1
6157
420 1
29330
425 1
9005
427 1
11412
436 1
72762
496 1
23857
28 1
94988
70 1
46955
74 1
17228
75 1
45506
84 1
78066
92 1
25835
127 1
12011
133 1
47390
181 1
6100
190 1
45506
195 1
38986
198 1
43277
225 1
92468
243 1
6419
255 1
27618
307 1
42645
324 1
51683
338 1
6670
398 1
59431
405 1
35187
446 1
86761
469 1
15780
489 1
5680
18 1
91656
24 1
53086
67 1
77973
93 1
89328
97 1
97677
113 1
24131
152 1
58891
153 1
55556
196 1
42834
223 1
28987
228 1
74594
235 1
39123
250 1
87225
259 1
45696
310 1
99636
321 1
70543
326 1
91950
377 1
63684
378 1
44905
385 1
35347
421 1
72093
429 1
8608
441 1
32316
442 1
50507
464 1
552
498 1
59336
