501
210 803
72048 39042 98657 44476 57512 31084 5738 38698 92636 58120 83578 79331 3997 57296 749 12763 9034 75684 58626 72148 85663 35786 42411 79406 85738 42403 25598 27254 12026 64493 43451 1185 58014 19161 72890 14553 25860 90503 66185 81532 53303 76710 51248 59652 52433 92853 50191 80658 75995 11089 89447 61144 50632 20041 32426 97817 16681 79974 67899 10154 20730 99757 9445 10836 10027 69971 28747 50788 94340 97688 63477 85520 67888 29571 41330 17265 31643 19902 91568 85413 70559 88572 10855 98419 31155 94352 65714 16421 81435 68516 67071 99035 61538 80175 72021 73126 91086 121 744 55665 27501 74776 77067 30524 25887 81913 44873 53155 4894 70269 23213 15527 8217 54140 22463 6643 84378 10973 21217 69819 22064 11634 31890 6290 6094 60190 20446 30945 67175 38631 72035 93051 46707 66931 79269 37845 78093 29049 9133 23873 97695 61011 20226 66157 23002 93457 75197 49752 65519 29168 47067 83485 52624 47094 27856 92815 54080 99034 33571 6088 39858 46877 10766 72647 40806 82769 78540 95518 88411 93986 46774 21737 48535 58530 9829 85929 87111 24776 65616 92233 44523 48840 80119 21069 84867 30654 54079 95638 99163 91363 488 8172 61450 84518 84503 65071 54268 63024 30858 93936 90895 73469 82886 7698 66997 28143 62456 13089 29633 25291 94120 51640 30430 1699 42624 20744 99265 34839 7921 78913 8402 28829 23834 84903 60823 80183 96774 3013 69242 54066 33540 62116 27554 14724 84767 36066 343 37363 4324 55699 66523 71680 38691 84179 89346 62976 77389 48805 89771 53327 18976 54902 30606 9177 17220 72178 13492 52479 24824 38190 4941 89961 18578 6257 81548 86274 95581 11842 55261 32777 62155 93248 42137 30742 56609 49035 93853 2260 34323 81102 91630 36141 3364 48047 18185 61610 5883 84060 68703 37323 26647 88283 43415 26419 98760 18921 49057 38785 53330 99117 20807 44858 27280 63549 43492 25663 8561 97235 56812 93139 55846 50251 94497 84861 86630 88968 17783 95381 53125 95900 24618 44139 8473 42937 1341 55124 83374 61388 72103 62388 85847 14332 17193 85182 11676 11532 8376 80017 75928 24962 7632 19570 74911 30756 61518 98490 52895 20923 93316 72298 54770 80384 26718 62482 37259 64513 86428 66235 31210 60606 45747 89742 46493 10870 54724 15038 97286 84463 99071 42829 43733 82339 93428 30514 76532 77215 94651 9960 60642 92235 11408 63045 59825 83345 68966 81534 18824 13220 71650 35447 61373 21225 78806 96064 15429 72128 4861 58678 42316 24394 44811 42733 69085 33106 83175 58342 50558 23604 84158 70052 53139 2552 23125 37335 27601 72783 65315 29065 89982 47706 13379 16326 58017 44324 51509 52469 76641 30799 84593 4822 57258 34837 18191 17708 69779 96495 62235 66891 95184 21968 78776 75302 94034 91699 77105 88697 1258 72973 18063 70553 81056 13715 26861 71577 54595 14156 44640 48335 3918 96910 20108 86033 45704 80730 69597 66133 41632 95402 92464 71142 89927 60500 7952 2922 58336 30075 24276 84737 19363 86409 86382 67210 36350 3195 80210 17197 26753 45593 500 4126 55777 37465 49402 96410 27894 58850 86092 23853 92978 12617 44384 12898 29122 51803 58697 8287 35533 71674 17115 37262 28357 62270 36816 78622 37676 64569 74452 84563 92 14925 47823 2764 15876 55035 87332 83173 82849 38888 43003 34620 98722 74768 9818 82253 8249 39734 37063 54622 779 92074 62698 4362 98468 5031 70396 1931 29372 96359 16054 46809 56987 98060 81369 48179 18465 53634 72356 91147 79597 41057 14256 43732 42235 37038 51781 89862 32384 99356 91000 91954 65286 2246 93642 24426 61133 11548 13598 42227 20831 42575 14905 71483 21384 90910 22134 33912 72504 95176 35139 49964 35342 54656 37894 19753 94949 93773 10729 85130 60008 65584 61287 93232 72930 45406 76048 45369 26615 21248 94943 97897 94827 57837 64927 80945 71814 60578 95230 43386 34886 28799 95564 28525 91262 81507 40230 87720 97859 39844 66322 71983 45340 9110 78080 87134 9785 47888 4105 75651 18355 45521 9190 92115 18219 87579 71368 58653 96284 65419 46431 94103 93892 5137 21902 58989 25295 66513 49685 20163 10940 16595 37540 76057 66280 48624 67800 27854 36824 22579 60588 5347 33530 18098 96650 84242 93618 21329 94528 98629 30822 46722 43315 58998 84308 54707 95648 45187 72312 53458 204 11680 18516 2618 86128 60661 17791 26182 73897 67019 5101 36075 26677 61847 29045 10868 60749 67774 83642 66001 77759 76717 15708 904 97314 96161 53296 71738 23603 93178 90580 5594 75468 455 16380 33570 98655 70893 54540 74545 60954 90268 39073 43342 10551 97406 33685 85280 69725 92573 18907 91480 15678 95300 22436 35848 24478 94358 69508 46591 72914 86499 37954 4210 51624 48292 35530 59467 68327 7198 44999 59329 46747 15072 66720 33177 91386 65952 40923 81356 25556 48758 61492 100 39272 98363 24228 50083 18649 97196 63673 69501 59268 79976 31702 50338 89394 201 63730 61703 13066 56256 83078 40201 10746 61452 45412 29004 85906 33176 19222 23624 31623 23928 1130
431 237
8192 72195 10757 46090 47122 33304 37402 13851 2588 19487 69665 96293 65575 57392 62512 65585 90678 10807 50747 64060 42558 60992 92226 72262 92753 31827 21587 84565 59992 34907 7263 30304 86627 29800 34921 29290 63082 84077 3181 88687 45169 4209 76913 24182 42621 77951 28800 62081 99969 19075 87171 34951 13960 39047 13449 6797 50832 71162 40083 55445 91798 98972 33436 68770 73379 88229 74407 55982 84654 44210 96435 36019 31925 62134 79031 96954 8378 42173 39103 61119 91329 2244 23237 81610 8907 50381 19662 77011 66772 2264 43737 82137 28893 4830 98527 73950 62689 40671 59108 16612 68838 88294 4326 60647 47851 21227 25324 38638 85744 89330 54005 32501 29436 30973 8962 40195 77572 30469 62211 71431 5894 94467 39178 12044 94990 73487 80654 40723 52499 32021 53527 76058 27932 21800 16169 2858 87337 31021 40750 34093 21297 82226 99121 55605 28992 15168 58690 1347 83266 27976 85834 69962 84812 32588 7502 57162 95060 27480 29528 61787 45917 13662 69982 34143 77153 55647 95589 84326 40295 98151 22890 69485 22893 67951 44399 83313 61302 65912 13696 94081 99712 75662 93587 62357 98710 76694 1431 27545 45978 5018 77206 36765 3999 85919 28068 45988 90534 95143 90536 86951 91046 82346 55725 22959 81847 71095 1977 12218 81338 79805 82369 37827 24008 70601 18893 76749 82383 85453 29652 73174 7642 5598 29663 29150 95715 63459 73701 3558 37863 66020 71145 20458 34793 74223 80882 18426 21499
112 447
34817 21510 35851 56333 65554 42006 32792 30751 36897 16419 71716 52262 15399 82985 15407 43056 10289 69682 88117 2106 54333 55358 14400 98369 21568 69699 68673 35907 96328 72780 77901 40018 22612 50261 56407 15448 5212 75877 26732 72814 44143 85105 2163 67700 75893 72825 6267 64636 27774 18560 2177 59520 90245 91270 53387 92303 38033 87187 85141 70805 40096 21665 8355 31910 84135 52391 15530 40113 60593 90292 75958 12471 73911 94392 63671 91319 60600 68792 42170 47295 29882 72889 44223 52419 41159 30923 82123 49355 19660 83149 44242 31958 62679 4312 23768 39130 72925 95456 95457 62690 38115 96484 58596 96487 45291 40956 15598 51441 43250 47347 74993 51450 40189 10496 53504 88322 67843 1284 83207 34056 92428 38167 13591 34073 44314 11549 33061 74023 89383 13609 39210 55595 7467 61748 82229 64822 74039 58681 30009 41276 50493 45379 93508 13636 8518 38215 9546 38229 65883 94557 23901 36190 53603 74085 62821 12648 9577 80234 97648 70001 53618 81265 83317 95607 30073 52605 54654 25987 97669 95623 79239 76171 22924 47499 47502 98699 4496 57744 97677 78227 74131 24981 11665 95637 98712 1430 66969 99737 39325 37278 61855 52640 57762 69034 43443 81333 33207 25021 85445 65991 49614 71122 7635 13783 7647 49634 6626 94693 46568 97769 26091 84462 20976 83446 8697 46593 71174 85511 13831 31242 68107 33291 72202 43534 29195 2570 98826 65034 39443 9740 56854 50713 99866 4635 15906 82470 91695 98866 10803 23092 39478 60985 89659 43580 93761 59970 63041 22081 43590 56903 68170 8780 57933 26192 18002 30292 96858 27226 55900 56923 12897 18018 75365 10856 78445 9838 97903 53873 62066 70259 41586 13939 21110 89721 45691 35451 80511 59007 91776 7809 52865 81536 74373 46724 94856 55945 32393 85645 9872 27283 79510 27287 90779 59037 17063 40615 28330 34475 31406 46767 67250 2741 92856 39609 95933 77504 65218 11971 29383 34503 73416 88778 16073 24267 29392 72403 52950 48855 9943 93910 53978 48859 48860 49887 2783 31456 76512 88800 3808 98019 22244 56044 18156 98028 27377 32497 49908 17144 55036 62205 46848 99073 28416 86787 94980 43779 69379 87813 57096 88841 64265 60169 49936 10000 82708 73492 12053 20246 84760 62233 51993 54043 3863 67348 30493 78623 65312 83745 66341 48936 63275 86829 99118 66349 61232 819 821 824 10040 40765 66367 61248 11078 74566 34631 32591 79696 65360 57170 43859 44887 56156 3933 46945 89958 66411 20331 84845 25453 96113 96115 20340 22389 22391 14201 60283 14205 2944 87937 16258 76676 9095 8072 49043 27540 79764 49047 33690 41885 45982 91045 85926 56236 97200 35764 952 17338 76734 55232 96194 86983 69575 52176 76753 53203 77779 7127 81879 16345 72667 34788 2025 37868 16365 12273 27635 13308
114 190
1 87042 12805 25611 52751 17938 67575 94742 2583 23576 61975 9241 55328 80417 71202 79399 6184 2092 66610 99893 91702 48192 90690 43593 17487 73295 30803 47188 83031 73304 55389 59999 21092 7781 14948 48743 97898 72811 82029 72304 24691 49272 99972 27269 27782 4233 26252 57488 80534 54935 70812 24738 59556 70316 34988 15025 73397 9910 27325 94910 6336 51397 38598 86734 8916 41685 54493 12004 41188 45797 76519 97512 62697 82152 25323 80622 62195 81652 58616 98044 71935 53505 28931 25348 68869 54024 51977 2322 2323 76565 17686 22807 92953 36634 281 93470 44321 56098 29476 68901 72485 53029 36136 76584 58154 48937 22320 64818 78132 95037 20288 90950 327 28486 88905 64326 94030 32086 17238 93529 30558 32095 88417 38242 40802 353 34149 43368 67949 8558 18801 24433 15729 14199 5497 7546 96131 54662 40326 87430 72583 6027 52111 88977 70550 67996 35741 73117 86430 83876 71077 29605 935 57252 46507 940 30134 54718 57281 48631 51653 71622 93127 91592 20937 51661 73166 80846 13262 53712 59861 71125 68053 59353 63964 71646 68062 78308 42982 6118 62439 3562 6635 99822 84977 81906 33781 23543 65528 17914
127 164
526 61459 93210 32286 19490 46627 25641 55854 84019 57398 4153 36412 58438 58952 57417 83532 87635 84053 55391 74849 15975 46697 24177 77426 91765 46709 36983 2689 59523 644 22150 97415 2696 43662 70799 26769 30355 67221 65688 28323 56487 88751 78001 77496 15040 59081 88266 87753 53453 91854 24278 26328 3290 20701 23775 54498 66788 37605 26343 52968 19691 23789 2286 94962 17651 51446 86775 84728 19709 87293 48383 51460 32521 39690 35595 37644 68877 12558 87820 73486 55052 77077 4890 29470 32030 43812 44837 31014 64294 29480 810 24364 301 23855 54581 48953 43835 63291 91455 39232 74049 81732 12104 5963 57174 36695 80727 17246 42336 67429 64358 50538 88430 28015 38766 13681 9075 9588 46453 57721 92028 30591 68481 16266 54155 70028 8588 9102 15760 99219 43933 4516 78249 23978 35244 79279 87987 44471 30136 90044 97215 5569 17350 95687 39882 14794 98764 32205 22991 70611 94682 96219 63962 35806 72165 87014 61415 45034 86514 86515 18423 59896 89084 59389
193 281
46080 9218 79876 83976 49161 40977 66578 87061 44054 88088 9242 4125 95263 90144 28712 81961 79914 3114 16429 19501 32816 39990 35896 34873 29767 64584 37965 4174 84048 43091 72789 3161 10334 46178 75880 54379 67695 45167 91250 89204 30838 36982 99448 76925 55421 98430 19586 29826 99464 76937 62608 18576 1172 27806 72866 54434 20654 87216 32948 61625 17592 74939 75964 60603 44231 10442 68810 8398 86227 3286 69852 47335 15591 89322 14570 80112 34032 87284 34037 78071 92420 60683 12557 5395 58643 98581 83228 67869 21792 49468 47421 21824 1344 75076 65861 92486 90442 341 54625 79219 16755 28023 74107 15740 14718 37250 70026 58765 36239 84368 85395 61844 29078 9628 88487 90538 43434 82349 63918 27059 13748 19891 66999 78268 10686 65982 25023 20929 58829 5587 1492 64988 46556 69093 31208 75241 96748 23023 80368 87551 42498 19974 97800 78344 80392 7690 72208 99858 38420 60952 18969 58908 64031 80415 32290 10789 31275 11828 56886 32311 91704 59962 98874 94781 52799 71232 77380 52807 3656 26187 72270 50777 8799 88674 6759 48752 35459 37511 12939 46732 61074 86679 26266 96926 1705 16049 78514 18100 59071 77520 35547 60123 66277 45798 59117 71405 88815 43768 92920 28412 63232 3845 51975 29451 55054 58127 24337 3865 23322 70432 26407 49963 12077 57137 64310 75576 18234 7997 12094 21311 39746 39748 94022 15179 22348 14158 8015 96082 33620 47959 56155 16221 63328 50017 33634 34663 52075 56173 25454 45937 7028 26485 43893 4984 53112 63359 59265 39809 86915 29575 76680 30601 73607 3983 31634 80787 41876 13204 918 10136 32665 90011 60323 96165 7079 37804 32688 65459 89018 16315 15290 47040 27597 31708 91105 39909 68582 5096 96234 9210 18430
204 950
38912 67584 88070 2055 10247 57353 22539 69643 30733 69646 71695 86039 4121 2075 40991 81952 16417 73761 40994 67621 55335 2088 92201 71723 55340 65580 44 84016 90161 71728 98353 6195 38971 57407 18497 20546 6213 34888 8264 36939 55376 18514 10323 10326 18519 90200 14430 75873 10341 69737 14446 82032 86132 24696 122 36987 51327 69762 94342 80009 43146 69771 82061 80013 67727 82064 69777 92309 18584 80027 77984 10400 34980 90276 86181 43175 80040 84137 41130 84138 39082 86189 4264 55472 86195 73908 37044 57527 22711 67769 35002 90296 80061 51394 63690 37068 22732 6350 22736 39124 8405 4311 30937 57563 45276 16604 75996 45277 71906 18665 78062 51440 84210 92403 78068 90355 59637 98552 82170 57595 26876 18684 28928 65793 33027 26884 78088 86284 59664 96530 37139 71956 35091 55574 78103 30998 49438 65822 92451 295 53545 37165 22830 71982 76077 78129 59697 71989 31030 43319 90424 65847 6456 31037 84286 98623 82240 24895 6466 6467 74054 26952 16717 24910 22863 31057 31058 94552 2400 29026 22887 33128 92519 26988 6509 45422 16751 24943 45430 33143 29047 96633 80251 96636 78206 6527 35202 96643 94595 88455 65934 80271 96656 51600 72082 94613 96663 49560 16795 63900 74141 68003 24996 53668 39337 96690 96694 41399 92600 29113 94650 31160 55734 57793 12738 33220 14789 41415 70088 12746 20938 51662 18897 41426 27095 27097 74202 90588 86494 86496 25057 2529 10723 53734 29158 35305 45547 33260 8684 41453 2540 86512 63984 57840 49651 12786 39415 47610 43516 39421 23037 25090 29186 12809 82442 45580 90639 51733 534 64023 8730 82462 29215 98849 8739 27173 66086 80425 53803 6702 4655 14896 35375 8755 10804 18997 88629 31286 25143 86590 35397 70214 41541 37445 82505 49738 29258 49744 33360 57941 10837 10846 94815 2657 19042 20474 39521 609 10854 74343 62055 39526 49762 90731 80499 21108 31349 96903 6794 88716 78481 53906 14994 98966 23191 27290 6812 55968 21158 60073 96941 94896 82610 41654 53945 21178 86714 15039 90823 35527 90825 15051 56012 21198 60115 15062 10968 27353 31450 41691 23258 23260 23263 45793 10977 51939 41701 58086 92903 78567 6887 51949 25325 74478 23284 60148 43765 19191 39673 6909 62207 45826 19203 8964 82690 62213 86791 25352 31496 45834 37647 64272 72468 60181 35606 66327 49945 43805 56094 70429 19236 84774 8998 76582 88874 19245 64301 29487 17201 19249 19252 97079 23352 45883 62267 25405 21309 88896 15166 31554 82751 6980 62283 64331 4944 80722 68437 17237 857 66395 43868 21340 90974 21345 97127 29544 50024 60264 54120 64366 35694 21370 60291 23430 23431 29580 68493 25487 74640 27537 91028 48024 91035 925 27552 13224 7084 7085 39854 58287 56244 60341 58293 37813 62393 7099 58304 25537 43972 9158 58313 15308 97229 31694 41935 33744 50128 99282 74707 39896 15321 76762 13280 95202 54243 35813 23527 64488 9191 15339 37867 84973 66542 44016 21494 33782 39930 41981 21502 41988 93189 60424 58377 52232 52235 72712 74761 87052 54287 66576 31758 44045 70676 62484 60438 35863 5146 58396 66588 33825 35876 64551 35880 15401 39979 15405 35892 60469 7228 25661 78912 72773 35912 74825 76882 44116 97374 58464 52322 35940 19557 7271 62571 83051 58477 99438 68719 44145 81011 15476 85109 48246 29813 89209 46205 33919 83075 42119 50313 89225 70796 3213 54412 81040 35989 81050 3226 76962 9378 17573 15525 11432 85165 54446 15542 56502 74938 29884 95424 46272 74950 87244 23757 19664 13522 68818 79061 79063 68823 70878 27870 79072 85217 99555 85219 38116 40168 56553 95467 50412 68848 7409 54515 62708 19704 58617 95482 56575 38149 81158 91397 25864 11525 85257 89357 70927 40212 1302 21783 64792 23835 97564 25883 38174 23839 99617 68899 60709 66853 34087 79145 77097 9513 60713 87341 81198 64815 13617 58674 75057 83252 3380 99638 1335 32055 87355 60732 85309 23869 66879 64832 27968 42310 25927 62793 99658 13642 3404 70991 9555 36179 30040 27993 97627 46427 21854 21859 64868 52582 64871 71020 75116 54638 71023 99694 21873 15730 58739 71028 7543 36216 44409 48506 11643 28029 89472 25985 56706 46468 71045 15750 68997 73096 89484 13710 62862 46481 81298 32147 85398 15769 36256 64930 52645 50599 21928 7601 28088 75195 1468 71104 17856 87490 30147 99776 9669 34248 79307 75211 46540 7629 17872 77267 21974 1494 89560 83416 15840 75232 24043 52721 40433 52723 97779 91637 42487 91643 13820 3581 42506 1547 38412 85521 30228 13844 22039 95769 54809 58907 44574 22048 73252 40495 89648 77363 89653 54837 1593 48698 48702 13886 34368 20033 48706 71233 60999 18007 7771 30300 85601 87650 7777 36452 54883 77413 77419 24173 44654 83566 69232 61041 40561 28276 87667 97910 71285 59002 87682 32388 52868 85638 46735 3730 56978 18071 87703 44697 71319 97947 36508 83607 81566 18078 69280 3746 56995 50850 30379 1709 34477 40624 54962 16052 11957 22197 48825 14010 22204 9920 46787 9924 20165 5832 40648 38603 46796 32477 14045 98013 48861 73442 91877 1766 24295 5861 32489 48791 9965 48877 18157 95986 48883 20213 91894 95991 22265 83708 65278 98046 81664 1791 65282 63235 28428 36625 18194 3859 26388 46871 22297 7963 5918 5922 5926 96041 69421 50992 55091 94008 63289 69435 63292 38718 44866 38724 51015 28488 79691 98126 1869 75603 5979 32603 61277 83806 77661 65376 51041 20322 57188 61291 69486 16239 38768 59248 87919 75637 32631 3961 61306 8059 96121 75649 38786 42881 55172 3973 55170 59271 44938 98189 69521 36753 98196 14230 53143 51096 92056 73626 92060 32669 71582 32671 12196 47015 65452 59311 24495 44977 36786 34739 85941 26552 59321 40890 90042 92093 85950 38846 18367 10179 81860 34756 6086 36806 61384 57287 10191 73680 36820 4053 65496 90073 47066 94171 38876 49116 45021 16358 14314 59370 75759 57327 42997 83957 79862 28666 88059 67581 51199
21 486
56320 44037 66568 39945 91149 48142 77842 35858 72723 80917 24598 80918 18456 16409 24600 7195 72736 12325 17445 69678 34863 96307 5171 48185 24635 48194 93255 59464 76875 68683 78927 83023 21585 26710 85082 85087 82018 45159 22631 2155 64619 23659 5231 9331 62580 54390 87159 89210 20603 58491 40059 7291 62591 49281 57474 55429 78982 11399 27785 63628 49292 10383 30864 83089 48280 14490 89248 10405 76966 34985 8362 68778 12460 85163 6318 64682 17584 47281 45234 42161 61621 58552 84155 48315 10429 75966 76987 24770 98499 96455 45256 61641 11468 19661 87246 39119 8400 64723 30932 51413 34004 56536 28890 17630 79071 32993 43233 52449 89315 6373 78054 76007 13542 9447 9450 76013 60654 20721 82172 94465 51457 3329 48387 95493 52486 86279 42249 83213 58638 18711 31004 71966 82206 39201 49442 93472 24868 21793 65830 62754 42278 27949 45361 50485 56632 2363 5435 22845 35135 49473 97617 30034 14675 48467 48471 80216 47449 42330 73050 28002 59750 11627 67955 63864 4474 79227 90499 57735 67975 94601 84362 35212 49553 91539 22935 88474 88476 26013 42398 51616 1442 36259 19875 88485 41382 54702 11695 64950 35255 6586 10682 99773 52671 7615 4545 63938 45507 92613 28101 5575 89545 42443 4556 78286 78287 54735 35281 69071 67025 86490 96731 44508 83422 44511 48608 38368 5599 97762 59885 88557 4592 75248 66034 80371 29172 56823 32247 96762 89596 74237 30206 35327 82431 23041 64005 67077 519 95756 2573 50702 73234 98836 16917 21014 17940 4633 21017 69150 44579 53797 85542 45609 83497 17962 25134 64047 41521 66098 77361 22066 5690 83519 83523 4676 89669 48713 87627 74317 89678 35408 13905 58964 51798 50774 84568 57944 58968 5720 19036 11865 84574 27233 4707 61027 11876 44647 69224 32368 12913 74355 23156 91763 25207 67201 10882 59012 65158 7822 38542 68241 72339 40601 72346 66203 33434 29341 85659 74399 53919 10913 36507 40610 63142 17064 27307 76463 21168 31408 36529 29363 26292 7861 47798 49847 54968 25273 27321 46783 17088 78529 71362 85699 9925 92875 34507 73420 9933 69327 62161 27345 23254 42711 47834 58074 39645 41699 39654 33511 18151 74482 64243 89843 15093 14067 44790 34551 45822 64258 77571 54020 78597 14085 27402 64267 15116 86796 66318 33553 83731 18197 73494 46873 18204 33566 95007 42784 13090 52003 16160 6949 73508 78635 5931 22316 26415 5935 89905 85814 4920 70461 68418 97091 51012 85832 56137 45898 55112 29516 77645 12111 37718 96086 28508 86877 76638 99166 65373 98144 69473 38752 59236 25451 57195 80749 32626 28531 73590 51064 13177 6009 7035 50044 44923 65406 2947 74628 18308 6020 83847 54153 48011 13196 59275 33678 53132 99216 96144 16274 60308 39835 5019 15259 29603 5027 91044 98211 68519 44968 61352 18352 64433 62386 58289 62385 53173 950 71605 76731 69563 85953 94146 12227 42948 35782 57292 36817 38869 43991 72665 65500 7133 78814 38877 83934 28640 60389 78822 55270 14312 76779 56308 6133 64502 39929 63486 78847
454 545
26624 88065 79878 22536 40970 20493 77847 43034 49181 36898 96302 49 14387 59444 49207 47163 79933 79934 51264 71745 88133 72 63560 90188 14413 59474 2136 34905 22618 39002 84062 41055 2145 12385 24675 47211 55404 63596 41075 8308 96374 2168 92285 2174 39039 96385 137 10378 34955 67723 94347 20626 90265 75930 37021 65700 92329 8365 26799 43190 35009 194 4297 78026 43215 35025 65746 43219 96469 26848 92385 49379 55535 28915 47349 22775 63740 63742 22783 55555 28933 69898 98573 41234 47381 51481 33056 67877 78120 80169 49455 20789 20792 4414 82239 28990 69955 76099 37187 78156 8530 49497 352 18800 4464 12658 47480 82300 31104 35200 12681 59788 74130 84376 43433 27052 65971 35266 14807 37336 59865 76250 53735 4588 86509 55791 78332 31228 88583 64008 78346 41483 35339 66064 84504 82457 540 16930 39460 72230 90670 94771 33335 35383 76343 62014 16964 27212 74318 70230 21082 68187 10847 92770 64100 70246 25190 55912 6764 55922 6770 41591 51832 57977 70263 64121 41604 14985 43660 62092 57999 86681 78490 66205 45735 70314 4784 90801 55986 96948 68277 698 84667 60100 82642 23253 4829 92896 62179 94953 19181 82671 56048 15096 72440 4864 80643 41735 74509 39693 13075 51995 60188 33565 17184 90916 52012 45869 13104 23346 27446 41786 49984 90945 23364 60230 54090 39755 99148 97101 13133 47946 19291 39772 60258 2915 62310 39795 50036 29558 97144 60281 76669 60290 4995 27528 76684 78739 54164 64405 43928 66457 45980 62368 54177 56232 84904 48045 72623 82866 70581 9141 99267 76742 52172 82894 56275 64471 32760 46042 97243 21471 87022 7156 72696 64505 60412 60416 5125 46088 66573 78867 91161 97306 87066 1052 7193 13337 5151 80941 50229 64573 5182 9278 64576 72770 91203 74832 33875 87124 42077 87141 3174 89193 19562 27756 64620 15470 76927 23679 78978 31877 74886 70791 13454 89231 91282 27794 42146 11434 11439 66737 21682 25788 56509 9406 62657 62658 81091 52420 48324 7375 25809 87251 1243 25820 77020 13533 70880 89314 7395 40158 27881 54508 95468 52464 27889 62706 52475 11518 29950 13570 7428 29957 54543 52496 79120 9496 81178 5404 93478 93484 56629 7478 95546 81220 85319 54611 99681 52581 44389 23913 32110 15727 79224 36225 52614 50567 9611 34192 23953 7573 38296 42393 85401 42396 85404 11679 44447 97698 93603 99756 73133 77235 87493 54725 42439 1483 19920 91600 11730 69077 5591 85466 83419 42464 19936 26095 28146 56819 85502 85504 17924 46597 69127 69129 28170 85526 34329 17946 65053 38429 40479 34334 52769 95778 11815 81455 71221 15933 48705 3651 3658 54860 5719 48734 7780 77417 1642 48751 58997 61067 22155 85655 83609 54937 54942 50847 28320 20130 1711 5808 57010 81587 20153 18112 73413 52933 67269 93900 34509 24268 54995 42708 11987 83687 55016 83696 65264 18162 24305 30459 26367 48898 16132 24325 1799 30471 3848 53002 32529 12050 67347 75541 26390 10014 30501 46888 30505 22317 18221 12079 83767 16183 57146 46909 40768 69440 22340 63304 55114 1867 71499 61263 77648 48978 96085 51033 44889 18272 22373 20328 98154 94071 16248 46969 22400 34702 46991 38807 63480 67482 26528 26534 32679 8106 71595 57267 36789 34743 20409 44990 28607 83902 42942 63429 20425 6089 92108 61394 67550 36831 8160 14317 26606 61423 73712 12272 59379 36853 28662 71670 36856 67578 55295
89 70
59141 89613 92173 14869 3868 56354 40236 83761 54075 12351 80963 75592 92744 16971 96332 44879 65615 9553 58703 56661 58198 70496 48740 11365 85356 21103 37492 39542 50040 90749 56709 55433 84625 81810 20116 71836 50590 41125 70570 60332 11181 39342 53939 88500 84150 83901 77757 47550 20161 49601 97987 15556 79813 42953 34512 59862 71383 5593 39132 77537 86756 29413 75494 63207 33773 36590 25069 73461 97275 79615
12 97
10240 6145 44291 5379 51717 60422 90885 51461 3855 19216 25368 80921 77084 1821 54304 40229 50471 43 46640 11313 69170 51251 88114 62768 25393 90933 92986 21563 37693 17982 62530 42820 50245 18255 74065 64338 76380 85341 4196 32869 43364 43114 94576 26483 45685 12150 44671 54660 36229 3208 61577 18828 38541 40078 94606 55695 57232 67985 61843 29332 24470 73110 52377 52634 60828 58525 67488 32424 48553 64175 51119 98738 29112 80068 21701 77001 64716 8656 52179 24531 12245 82646 79318 84185 64986 27099 26589 84191 24032 53219 57572 24298 65770 98291 16375 15864 83451
15 41
640 85505 49922 89219 8709 50057 42378 52748 71190 62621 44189 64801 35367 63399 22570 25771 18222 14130 82100 85045 79668 95288 79034 87356 83648 64192 98624 84676 59080 980 58969 87516 55773 59235 26339 50277 37229 12655 97136 53369 8958
125 54
23683 13446 776 35213 50575 24848 16660 61333 1173 83354 74011 74396 67868 37535 52257 14885 90535 6696 80938 88234 55339 79022 60082 62003 14899 91190 79930 52288 1730 23365 3144 21451 9552 98641 92625 4215 59866 19035 67549 28641 15586 10983 66663 11118 74990 7536 45042 1012 502 33271 57470 91387 3838 66935
345 93
5633 75269 60681 69386 8460 22031 82196 38678 34081 13096 62251 54833 25649 11569 48436 31543 14136 27194 3643 48445 49726 93506 46918 35146 53331 83797 44631 58714 54618 12122 18780 79204 47976 90733 880 9072 9844 10102 49783 70007 77433 4985 53371 58235 35454 52092 67453 81026 71301 63367 60044 909 25490 11155 18836 16279 59800 71580 70045 43678 46239 91040 89511 62120 79533 32687 41904 86962 89275 38844 53952 14529 47044 32967 967 33481 58569 51657 46541 57555 25046 13273 27876 71140 54759 2793 19434 18924 46830 40688 57587 67835 2813
330 139
94211 53252 76803 47110 92170 48139 24591 92178 91159 26652 39966 35872 59425 31787 45101 14380 33835 61488 31793 86071 26684 8255 5185 94275 41027 36931 3140 1094 72775 81994 25675 17484 47182 86096 34898 86099 4182 66647 21593 92252 51294 54366 1120 21601 66657 13415 37997 63599 38001 27763 67701 90236 16509 53372 22655 22652 62588 17536 60544 8325 8326 14471 43144 25734 3207 48264 30861 21645 33933 74895 52375 8346 38044 38046 37024 9376 3238 83110 22700 54448 45233 82098 97459 41140 83129 73920 24772 43204 75975 71881 35018 29902 32988 26846 92386 39139 56546 70886 74987 34030 53487 82160 65780 65781 81140 58613 39160 7413 16635 4347 99581 57599 91395 76039 46343 18702 47376 9489 15634 49431 75033 84259 11555 22825 63786 66858 71980 62763 39214 51502 98607 28976 8498 93485 68910 10236 62774 34102 97593
104 5
95619 83204 6276 47235 96133
369 3
67585 73734 73735
208 3
17408 16898 2567
455 4
53254 68103 52742 56845
288 5
16384 6147 87043 30725 16390
312 3
38924 59408 30743
399 3
39936 53765 31245
209 4
18434 24579 69634 2054
108 4
72706 67587 70663 20489
221 3
94208 61440 56322
243 4
66439 28938 92172 64527
274 4
36865 22537 4618 64011
457 3
57345 30722 34820
177 4
50176 8960 52995 18181
233 3
22018 89091 51714
261 2
26632 81932
49 2
49154 41987
66 4
2 31750 49168 5139
153 5
93447 97293 24082 38162 17428
422 3
4 16389 24585
201 5
18433 71683 59395 51205 20486
219 5
75776 47104 92163 45059 98309
31 4
88069 26631 4114 40981
247 2
73730 22532
319 4
45057 53249 38915 30724
390 2
51207 6152
50 3
71169 93190 16400
147 2
18438 28678
400 2
35842 8196
242 2
92162 75780
75 4
65539 61444 55302 98312
128 2
63494 57351
273 4
47105 43012 88075 57357
428 3
71170 31235 64007
43 3
24580 49158 32775
262 3
1024 72705 21507
324 5
88064 86017 84999 91144 85002
130 3
64516 38925 80912
255 4
67586 71684 66564 76807
173 4
90368 76546 33798 46856
81 5
81926 36871 55304 24586 38926
230 4
77826 22535 88074 45069
343 5
76292 96775 58890 27155 35347
438 3
75778 34819 29699
57 3
61441 33794 67596
113 4
49153 70659 23555 58372
137 4
86019 98311 11281 57363
146 5
82945 69641 9225 16395 11275
415 3
94212 70662 66569
440 5
65536 93184 57348 7173 82949
497 3
14347 75788 32788
106 4
8195 30727 36873 2067
194 4
43013 59399 43018 12300
239 3
9762 25002 81579
18 3
55298 57356 73751
320 4
30721 1543 93703 17928
479 2
32504 70733
281 4
69639 2058 55310 96271
387 4
83969 51202 45064 59400
364 4
33281 34823 98056 89614
142 5
26630 12296 79886 92175 30736
352 5
38914 77827 8197 83974 45063
300 5
44800 63747 57873 8982 18714
256 2
33796 31241
423 3
66560 25088 51727
24 2
54281 80906
78 5
30728 92171 34828 28688 26641
211 5
73732 67591 6156 98318 32785
500 3
83970 3 73737
166 3
51203 43022 38930
188 4
92168 4108 51213 2039
366 4
69251 46212 82059 38540
385 3
59393 86018 98305
380 2
40963 59403
481 2
32769 4100
86 4
2056 98314 96266 94220
35 4
64512 70657 97281 32771
214 4
44032 7 28683 96268
370 5
72704 41990 16397 98321 46108
16 3
83973 47114 67595
99 2
12288 79875
449 5
16387 38919 6151 94216 43019
44 3
67588 70664 6155
258 4
63496 90120 67593 94226
473 3
41091 90121 21259
156 3
18435 55300 28681
259 3
14336 43009 56337
420 3
45056 63489 77831
37 3
59392 81921 28675
252 4
79360 72200 8712 10762
23 4
2048 2052 75781 24582
20 3
33282 82436 11783
120 5
99331 6661 19462 20485 49673
171 4
98818 44546 99844 62470
59 2
11274 41994
126 5
20480 32778 61451 12307 98325
216 5
79874 13315 14342 73740 7181
445 4
22529 65542 40969 22538
26 3
91649 18442 37900
460 3
82946 89092 65541
414 3
31744 81927 73736
105 3
8193 81928 20492
11 3
24578 92164 8198
22 4
30976 13700 87046 39566
1 4
14341 8199 22541 10255
425 3
6144 22546 90131
304 3
4102 43017 94218
344 5
26625 45062 77833 51215 43024
94 4
40968 6158 14355 59414
468 3
61443 12295 71687
51 2
59401 30730
98 3
10241 38913 12293
392 2
67590 9223
429 3
95808 23425 99521
217 4
40962 69638 86024 18455
308 3
20482 61446 21516
223 5
72450 79362 25092 36742 87943
62 3
83979 59404 59405
290 4
97280 43014 10251 26636
467 3
2049 26627 10244
32 4
96256 57350 47111 69642
264 3
32386 37000 40840
411 3
73728 89088 72707
30 3
47119 22548 38933
354 4
79873 35841 47112 82951
417 5
11524 9739 24592 23060 67349
436 3
33800 58380 9238
499 5
63490 20484 59398 61448 79882
310 3
44033 58376 17417
341 5
84996 18437 27654 95250 76821
307 3
19072 53508 42360
476 2
68609 73731
186 5
90117 73742 49166 22544 8207
332 5
41985 75266 16900 1545 54285
117 2
82692 90123
152 3
66561 5123 13325
136 5
32768 86030 92174 83984 38929
373 2
2051 36867
69 2
86028 86029
60 3
83971 65028 76804
433 3
95244 38928 19472
475 3
20481 47107 79880
226 4
53248 61449 32779 61454
0 3
36864 55299 79889
314 3
34824 57360 34833
41 3
18947 38662 68104
197 3
28676 63495 16391
470 4
90115 16399 12305 22549
253 3
47618 42253 7955
254 4
5632 97282 50178 14340
419 3
22540 81937 6162
463 5
43008 75784 30731 14348 83986
68 3
94213 16394 24594
287 2
75777 53255
34 5
28672 45065 86026 63504 96273
143 4
81922 96260 15 12304
206 3
24576 49666 84483
248 4
34822 96264 26633 20494
367 3
4103 87050 64534
88 3
81920 78853 24584
58 4
18432 60423 99849 73225
168 3
69636 10245 83972
430 3
63492 52231 94219
145 2
92161 64522
159 3
96257 47109 57354
203 4
68608 7175 77836 28692
381 3
59397 6153 30734
92 3
86016 87040 67594
150 3
38920 96267 2060
179 4
98304 24595 81941 57367
397 4
95233 51206 5130 59407
178 4
94209 88066 41989 36872
198 2
34818 32774
376 4
65545 4110 98322 51219
443 2
41729 74116
71 3
58374 11272 92176
244 3
57347 4099 30726
174 3
20497 79890 19
295 3
64514 27659 32780
404 3
8201 49163 51212
103 2
22027 33293
189 2
33799 23560
269 4
69633 45068 73741 77841
350 3
34825 65548 61461
40 5
16392 2057 20490 40971 79884
138 3
26626 88073 2063
285 3
24070 73222 44556
409 5
1202 96211 16548 40249 18393
365 3
32782 69650 61462
426 3
57346 5126 70666
434 2
75783 71691
121 2
76033 38790
187 2
57349 28682
205 2
22534 29704
266 3
30720 8194 96270
270 3
14338 45058 65543
296 4
12299 10257 8211 51226
280 2
47106 83985
228 3
79881 51210 81933
351 4
43010 41991 89101 73745
461 2
43075 78292
72 4
69632 18436 19474 69656
154 3
56324 3088 58385
388 5
12290 15366 46087 82953 76809
54 5
51200 96262 65550 75791 49170
485 3
24577 28674 69640
183 4
87297 35330 77570 49411
184 2
11267 25605
237 2
71690 35855
371 2
75779 59396
486 5
36868 51209 14346 53263 16
227 5
26642 63506 61458 10264 73754
48 3
38918 32789 61463
144 4
63491 38922 8204 4113
402 4
4097 24583 22554 59419
368 3
67598 17 69661
148 3
36866 86021 16393
338 5
59522 49347 78403 52806 82311
487 4
38923 18449 92177 6163
263 4
70656 85003 48140 46099
363 4
21505 84993 17413 97287
424 4
33286 93191 93192 97545
3 4
27648 93185 88067 1031
25 2
74249 78345
36 5
30723 51204 77832 49164 28686
56 3
86022 31752 55306
315 3
40961 7179 23564
418 4
46081 29702 66570 48137
272 2
68097 95745
427 5
34829 55313 51228 28701 65574
38 4
10248 34827 71697 14354
359 3
47108 45061 32781
158 2
63507 8218
452 4
18441 63497 63503 24593
52 5
81925 36880 79891 51236 53295
10 2
86025 94224
83 3
32770 96277 94230
495 4
53256 28689 14353 61470
151 3
14339 79883 67599
339 4
14337 70665 3084 95247
441 4
51208 63501 88084 55317
129 2
16388 81931
334 5
12291 12306 32797 2085 24622
453 3
46083 29700 24596
229 2
71685 65551
408 4
90112 91905 87299 6916
464 2
27662 34831
122 4
2050 16386 96265 75792
240 3
53250 41488 81945
257 3
46595 15364 35845
309 1
93427
349 4
65546 98317 61456 90136
212 2
12292 67592
224 3
39939 70661 12297
435 4
60417 66563 28679 78854
289 2
68224 45312
311 3
3077 64006 66055
175 5
38657 43778 96004 99338 48138
447 4
96261 55303 83977 65552
325 4
90125 51220 73759 59429
389 3
13825 99332 89604
235 4
35586 65540 15110 86535
318 2
37632 29450
329 4
40960 75786 63499 36876
493 4
69637 4106 53259 45066
361 5
54282 95242 38927 9234 55315
167 2
81924 15370
356 3
69635 26629 49155
469 2
11778 69765
164 4
5121 89603 86023 56328
395 3
77834 47116 26640
124 3
92678 17929 39435
190 3
73738 36874 2061
232 3
1025 17410 10
268 2
21506 4112
5 3
63493 73739 43030
413 4
79888 4117 6175 38944
491 3
10250 2070 8215
93 2
43020 81939
84 3
63509 28697 77852
459 3
2571 41484 74257
483 4
90114 20483 75782 2064
76 2
68613 60429
225 4
55296 73729 10254 30735
47 5
8203 14357 8214 53280 67619
161 5
43016 53257 10253 40974 47132
73 3
40965 55305 40975
90 3
75793 36889 34843
333 4
59136 56583 67338 79115
53 3
28673 40964 92165
119 3
96768 6150 84488
133 4
63500 94221 14 77849
176 3
77835 55309 77838
477 3
86020 8200 30740
245 3
35328 55817 75274
437 4
32772 96269 6159 36882
462 2
71307 62098
490 4
25091 85509 2565 67079
191 5
98307 2069 16416 77857 16418
478 4
2059 86038 77846 65562
195 2
56835 18948
215 4
62467 23558 98315 69644
238 4
56577 77569 50437 83721
322 3
46085 41998 85009
372 5
2053 47113 97289 62480 60433
6 4
44544 9217 90128 52254
45 4
53251 22533 88078 59409
357 5
90129 40980 81942 12313 61465
375 3
54278 72720 18450
405 2
28685 22
9 2
73220 90629
465 5
5888 7938 27908 82694 15112
33 2
3074 62466
162 4
31754 61455 90127 29712
39 4
36610 18179 42883 5895
302 3
40966 9 47115
96 2
56068 88357
135 4
78848 4101 3080 9228
91 4
10242 77830 14350 57365
213 3
72960 25857 37381
8 3
77829 57359 83992
192 4
35332 75270 1553 7185
410 5
65549 97294 23569 42007 8216
271 3
98306 93195 90124
301 3
14208 67332 29189
360 5
87047 16403 94228 17429 45079
116 5
61460 90140 38945 84002 98341
234 5
52481 37891 88581 7429 44297
403 4
68619 53265 39955 36884
297 2
74760 57355
378 5
50112 93377 37378 20804 58886
489 5
49157 49172 77845 40982 26658
299 4
6149 8202 90135 14364
87 4
98310 30754 98344 6188
267 4
73748 90139 63528 84009
326 3
19456 27661 41997
406 4
45825 80386 25085 26118
494 5
59402 51217 59412 40983 30
141 4
18443 32784 2065 43027
77 4
61447 25613 44049 36886
95 3
78850 99330 80900
276 4
79872 92166 90118 88076
421 3
87152 23524 89557
484 4
60418 23556 95236 3079
7 3
54274 3081 26635
335 4
10243 97292 17435 32291
401 3
40979 75803 77853
451 3
88072 51214 6160
398 2
10246 4109
472 5
61953 71682 11779 44551 99336
14 4
97284 29705 12303 76818
65 2
83968 43011
342 4
26628 96278 81944 71709
496 3
5 90119 71694
291 5
59394 55301 24590 28687 83987
316 4
18451 33557 72216 74264
100 4
14345 77839 71696 61457
102 2
89098 62477
222 3
71689 28691 67608
265 2
83200 56193
292 5
85508 46599 96782 11792 94741
358 4
71688 90122 88079 20505
115 4
4096 97285 76812 24607
13 4
75790 10256 69652 12311
165 4
57352 45067 6169 96285
196 5
13320 39947 46097 3090 20500
199 4
34369 83010 577 29389
157 2
32776 83980
101 3
16401 34835 18452
118 5
10249 4111 10260 86037 36885
298 5
12298 14351 45074 92180 79896
377 3
80902 99335 7176
42 3
54272 29697 46093
170 3
92160 30732 8206
200 5
29698 94217 47126 80923 69659
303 3
77828 75797 49177
220 3
62990 81429 17943
331 2
7168 17414
155 3
24589 69653 4118
278 2
54280 85001
279 2
15381 7196
393 3
8209 40978 75794
383 3
40967 38921 57358
293 5
6148 47117 12302 90133 98327
471 3
65538 81936 28690
241 3
76802 12 62488
384 3
29701 46092 57370
202 3
80775 97040 15255
231 3
37888 48129 19460
180 2
30737 94229
70 2
22530 89096
80 3
94215 88081 92186
379 4
33793 80899 80903 82959
382 3
34830 6161 88083
416 3
45076 53271 90137
29 3
30744 22552 30745
55 2
4107 75789
323 4
30746 75805 96290 69668
46 3
13326 88080 25616
97 3
86027 57364 92183
110 3
71693 26638 18447
313 4
18439 43021 14356 4122
442 2
81934 53264
123 3
21512 6168 61469
140 4
65544 73746 6170 32798
347 2
82952 29706
482 4
11777 54791 13322 46602
181 4
88068 67589 30741 38939
346 4
94222 69647 8208 36890
396 4
63498 10258 45077 81949
306 4
40973 30739 73758 67616
28 5
58368 4115 4119 45082 50203
294 5
44046 7182 28695 46105 23585
172 4
21761 7688 78863 99599
249 3
81923 63502 81935
282 4
1028 94214 20491 37909
336 4
4104 55314 86034 24606
432 3
6154 75800 24603
260 3
5124 75013 8966
456 5
83978 88082 96276 55321 2077
64 5
53269 79897 57373 28702 77859
488 4
44042 7184 97304 31773
386 3
53261 77837 2073
19 4
98331 16412 55325 26656
63 4
38932 6172 94236 53279
82 3
71681 6157 26639
355 4
77840 49183 26663 2089
67 4
71182 74255 9745 97298
337 4
22545 43033 59421 20510
407 3
98328 90141 71714
27 2
24581 34834
498 3
83981 12301 16404
317 3
22020 25094 26117
450 3
73733 51225 71706
134 3
26637 94241 59426
251 2
28315 76799
17 4
1036 93199 23568 89106
305 3
65547 49165 34838
163 2
72716 3098
275 3
28677 14349 71700
131 4
12289 14344 63510 40988
236 5
75787 49169 26646 18459 81948
74 4
36879 6171 79901 8223
132 3
10252 38931 59415
246 4
8 34840 32802 71720
348 4
78851 9220 61445 70660
466 4
28680 81938 6166 69655
374 2
2304 49925
480 2
43015 49167
284 2
88071 65563
439 3
25606 50183 32783
492 4
89093 37907 65559 70680
185 3
15360 52241 99346
286 3
39937 78857 9229
412 2
19716 41225
149 3
95243 44044 85008
340 2
86040 45084
444 4
72192 44293 93704 72456
474 3
55297 22556 34846
79 4
9987 5000 12810 138
111 4
34826 53268 22557 18462
353 2
96258 54276
327 2
24 63516
61 3
69645 69648 45075
160 5
92179 32790 53273 69660 47131
448 4
91146 70668 50189 83983
2 5
16396 53272 25 12321 34851
4 5
56327 11273 39949 74778 94254
362 2
53266 55318
394 2
47621 1041
85 4
82429 98823 96778 93710
207 4
77825 79877 83975 77854
277 3
51211 92188 47140
391 3
14352 96274 24599
283 4
49175 57371 63513 22558
109 3
23552 17409 37892
169 2
49171 22551
182 4
1029 66567 97290 66572
328 4
81929 98324 98323 65558
250 4
49160 61453 40976 10259
458 2
12294 88085
321 4
90142 98336 90151 71725
139 4
35521 70595 98950 75527
218 4
61442 87044 28696 26649
107 2
81940 69654
446 4
63511 28 63517 8222
